2026-03-27 12:57:27,293  INFO      Starting scraper  |  categories=47  pages=5  threads=3  resume=False
2026-03-27 12:57:27,293  INFO      ━━━  Category: SMARTPHONE  ━━━
2026-03-27 12:57:27,294  INFO      Fetching smartphone            page  1  →  https://www.amazon.in/s?k=smartphones&i=electronics&page=1
2026-03-27 12:57:27,294  INFO      Fetching smartphone            page  2  →  https://www.amazon.in/s?k=smartphones&i=electronics&page=2
2026-03-27 12:57:27,295  INFO      Fetching smartphone            page  3  →  https://www.amazon.in/s?k=smartphones&i=electronics&page=3
2026-03-27 12:57:28,057  WARNING   Block/unavailable (503) on attempt 1
2026-03-27 12:57:28,059  WARNING   Block/unavailable (503) on attempt 1
2026-03-27 12:57:28,059  WARNING   Block/unavailable (503) on attempt 1
2026-03-27 12:57:28,059  INFO      Retrying in 3.8s …
2026-03-27 12:57:28,060  INFO      Retrying in 3.0s …
2026-03-27 12:57:28,060  INFO      Retrying in 4.0s …
2026-03-27 12:57:31,277  WARNING   Block/unavailable (503) on attempt 2
2026-03-27 12:57:31,279  INFO      Retrying in 5.8s …
2026-03-27 12:57:32,129  WARNING   Block/unavailable (503) on attempt 2
2026-03-27 12:57:32,129  INFO      Retrying in 5.3s …
2026-03-27 12:57:32,242  WARNING   Block/unavailable (503) on attempt 2
2026-03-27 12:57:32,243  INFO      Retrying in 5.1s …
2026-03-27 12:57:37,342  WARNING   Block/unavailable (503) on attempt 3
2026-03-27 12:57:37,343  INFO      Retrying in 9.9s …
2026-03-27 12:57:37,556  WARNING   Block/unavailable (503) on attempt 3
2026-03-27 12:57:37,557  INFO      Retrying in 9.3s …
2026-03-27 12:57:37,683  WARNING   Block/unavailable (503) on attempt 3
2026-03-27 12:57:37,683  INFO      Retrying in 8.7s …
2026-03-27 12:57:46,767  WARNING   Block/unavailable (503) on attempt 4
2026-03-27 12:57:46,768  INFO      Retrying in 17.6s …
2026-03-27 12:57:47,123  WARNING   Block/unavailable (503) on attempt 4
2026-03-27 12:57:47,123  INFO      Retrying in 17.1s …
2026-03-27 12:57:47,567  WARNING   Block/unavailable (503) on attempt 4
2026-03-27 12:57:47,568  INFO      Retrying in 17.8s …
2026-03-27 12:58:04,465  WARNING   Block/unavailable (503) on attempt 5
2026-03-27 12:58:04,466  INFO      Retrying in 32.7s …
2026-03-27 12:58:06,177  INFO        ✓ 24 products extracted
2026-03-27 12:58:07,226  INFO        ✓ 30 products extracted
2026-03-27 12:58:08,426  INFO      Fetching smartphone            page  4  →  https://www.amazon.in/s?k=smartphones&i=electronics&page=4
2026-03-27 12:58:08,439  INFO      CSV appended  → output\amazon_products.csv  (24 rows)
2026-03-27 12:58:08,467  INFO      SQLite saved  → output\amazon_products.db  (24 rows upserted)
2026-03-27 12:58:09,548  INFO      Fetching smartphone            page  5  →  https://www.amazon.in/s?k=smartphones&i=electronics&page=5
2026-03-27 12:58:09,551  INFO      CSV appended  → output\amazon_products.csv  (30 rows)
2026-03-27 12:58:09,560  INFO      SQLite saved  → output\amazon_products.db  (30 rows upserted)
2026-03-27 12:58:10,156  INFO        ✓ 30 products extracted
2026-03-27 12:58:11,281  INFO        ✓ 30 products extracted
2026-03-27 12:58:13,330  INFO      CSV appended  → output\amazon_products.csv  (25 rows)
2026-03-27 12:58:13,352  INFO      SQLite saved  → output\amazon_products.db  (25 rows upserted)
2026-03-27 12:58:13,712  INFO      CSV appended  → output\amazon_products.csv  (22 rows)
2026-03-27 12:58:13,726  INFO      SQLite saved  → output\amazon_products.db  (22 rows upserted)
2026-03-27 12:58:37,194  ERROR     All 5 retries failed for https://www.amazon.in/s?k=smartphones&i=electronics&page=1
2026-03-27 12:58:37,196  ERROR     Skipping smartphone page 1 (no HTML)
2026-03-27 12:58:42,058  INFO      ━━━  Category: LAPTOP  ━━━
2026-03-27 12:58:42,059  INFO      Fetching laptop                page  1  →  https://www.amazon.in/s?k=laptops&i=computers&page=1
2026-03-27 12:58:42,059  INFO      Fetching laptop                page  2  →  https://www.amazon.in/s?k=laptops&i=computers&page=2
2026-03-27 12:58:42,060  INFO      Fetching laptop                page  3  →  https://www.amazon.in/s?k=laptops&i=computers&page=3
2026-03-27 12:58:43,663  INFO        ✓ 30 products extracted
2026-03-27 12:58:44,054  INFO        ✓ 30 products extracted
2026-03-27 12:58:44,207  INFO        ✓ 30 products extracted
2026-03-27 12:58:45,740  INFO      Fetching laptop                page  4  →  https://www.amazon.in/s?k=laptops&i=computers&page=4
2026-03-27 12:58:45,746  INFO      CSV appended  → output\amazon_products.csv  (30 rows)
2026-03-27 12:58:45,770  INFO      SQLite saved  → output\amazon_products.db  (30 rows upserted)
2026-03-27 12:58:46,429  INFO      Fetching laptop                page  5  →  https://www.amazon.in/s?k=laptops&i=computers&page=5
2026-03-27 12:58:46,431  INFO      CSV appended  → output\amazon_products.csv  (26 rows)
2026-03-27 12:58:46,444  INFO      SQLite saved  → output\amazon_products.db  (26 rows upserted)
2026-03-27 12:58:47,154  INFO        ✓ 30 products extracted
2026-03-27 12:58:47,414  INFO      CSV appended  → output\amazon_products.csv  (26 rows)
2026-03-27 12:58:47,436  INFO      SQLite saved  → output\amazon_products.db  (26 rows upserted)
2026-03-27 12:58:47,941  INFO        ✓ 30 products extracted
2026-03-27 12:58:49,758  INFO      CSV appended  → output\amazon_products.csv  (23 rows)
2026-03-27 12:58:49,773  INFO      SQLite saved  → output\amazon_products.db  (23 rows upserted)
2026-03-27 12:58:51,308  INFO      CSV appended  → output\amazon_products.csv  (25 rows)
2026-03-27 12:58:51,325  INFO      SQLite saved  → output\amazon_products.db  (25 rows upserted)
2026-03-27 12:58:57,310  INFO      ━━━  Category: TABLET  ━━━
2026-03-27 12:58:57,312  INFO      Fetching tablet                page  1  →  https://www.amazon.in/s?k=tablets&i=electronics&page=1
2026-03-27 12:58:57,314  INFO      Fetching tablet                page  2  →  https://www.amazon.in/s?k=tablets&i=electronics&page=2
2026-03-27 12:58:57,316  INFO      Fetching tablet                page  3  →  https://www.amazon.in/s?k=tablets&i=electronics&page=3
2026-03-27 12:58:58,858  INFO        ✓ 30 products extracted
2026-03-27 12:58:59,246  INFO        ✓ 30 products extracted
2026-03-27 12:58:59,296  INFO        ✓ 30 products extracted
2026-03-27 12:59:00,759  INFO      Fetching tablet                page  4  →  https://www.amazon.in/s?k=tablets&i=electronics&page=4
2026-03-27 12:59:00,761  INFO      CSV appended  → output\amazon_products.csv  (30 rows)
2026-03-27 12:59:00,773  INFO      SQLite saved  → output\amazon_products.db  (30 rows upserted)
2026-03-27 12:59:00,838  INFO      Fetching tablet                page  5  →  https://www.amazon.in/s?k=tablets&i=electronics&page=5
2026-03-27 12:59:00,843  INFO      CSV appended  → output\amazon_products.csv  (23 rows)
2026-03-27 12:59:00,855  INFO      SQLite saved  → output\amazon_products.db  (23 rows upserted)
2026-03-27 12:59:02,015  INFO        ✓ 30 products extracted
2026-03-27 12:59:02,329  INFO        ✓ 30 products extracted
2026-03-27 12:59:02,484  INFO      CSV appended  → output\amazon_products.csv  (21 rows)
2026-03-27 12:59:02,510  INFO      SQLite saved  → output\amazon_products.db  (21 rows upserted)
2026-03-27 12:59:04,365  INFO      CSV appended  → output\amazon_products.csv  (23 rows)
2026-03-27 12:59:04,381  INFO      SQLite saved  → output\amazon_products.db  (23 rows upserted)
2026-03-27 12:59:05,251  INFO      CSV appended  → output\amazon_products.csv  (21 rows)
2026-03-27 12:59:05,272  INFO      SQLite saved  → output\amazon_products.db  (21 rows upserted)
2026-03-27 12:59:08,766  INFO      ━━━  Category: SMARTWATCH  ━━━
2026-03-27 12:59:08,768  INFO      Fetching smartwatch            page  1  →  https://www.amazon.in/s?k=smartwatch&i=electronics&page=1
2026-03-27 12:59:08,768  INFO      Fetching smartwatch            page  2  →  https://www.amazon.in/s?k=smartwatch&i=electronics&page=2
2026-03-27 12:59:08,769  INFO      Fetching smartwatch            page  3  →  https://www.amazon.in/s?k=smartwatch&i=electronics&page=3
2026-03-27 12:59:10,136  INFO        ✓ 33 products extracted
2026-03-27 12:59:10,752  INFO        ✓ 33 products extracted
2026-03-27 12:59:10,768  INFO        ✓ 33 products extracted
2026-03-27 12:59:11,767  INFO      Fetching smartwatch            page  4  →  https://www.amazon.in/s?k=smartwatch&i=electronics&page=4
2026-03-27 12:59:11,771  INFO      CSV appended  → output\amazon_products.csv  (33 rows)
2026-03-27 12:59:11,792  INFO      SQLite saved  → output\amazon_products.db  (33 rows upserted)
2026-03-27 12:59:12,386  INFO      Fetching smartwatch            page  5  →  https://www.amazon.in/s?k=smartwatch&i=electronics&page=5
2026-03-27 12:59:12,390  INFO      CSV appended  → output\amazon_products.csv  (24 rows)
2026-03-27 12:59:12,407  INFO      SQLite saved  → output\amazon_products.db  (24 rows upserted)
2026-03-27 12:59:13,050  INFO        ✓ 33 products extracted
2026-03-27 12:59:13,915  INFO        ✓ 33 products extracted
2026-03-27 12:59:14,189  INFO      CSV appended  → output\amazon_products.csv  (24 rows)
2026-03-27 12:59:14,204  INFO      SQLite saved  → output\amazon_products.db  (24 rows upserted)
2026-03-27 12:59:16,489  INFO      CSV appended  → output\amazon_products.csv  (24 rows)
2026-03-27 12:59:16,509  INFO      SQLite saved  → output\amazon_products.db  (24 rows upserted)
2026-03-27 12:59:16,865  INFO      CSV appended  → output\amazon_products.csv  (25 rows)
2026-03-27 12:59:16,886  INFO      SQLite saved  → output\amazon_products.db  (25 rows upserted)
2026-03-27 12:59:21,399  INFO      ━━━  Category: HEADPHONES  ━━━
2026-03-27 12:59:21,400  INFO      Fetching headphones            page  1  →  https://www.amazon.in/s?k=headphones&i=electronics&page=1
2026-03-27 12:59:21,402  INFO      Fetching headphones            page  2  →  https://www.amazon.in/s?k=headphones&i=electronics&page=2
2026-03-27 12:59:21,402  INFO      Fetching headphones            page  3  →  https://www.amazon.in/s?k=headphones&i=electronics&page=3
2026-03-27 12:59:23,559  INFO        ✓ 30 products extracted
2026-03-27 12:59:23,564  INFO        ✓ 30 products extracted
2026-03-27 12:59:23,920  INFO        ✓ 30 products extracted
2026-03-27 12:59:25,710  INFO      Fetching headphones            page  4  →  https://www.amazon.in/s?k=headphones&i=electronics&page=4
2026-03-27 12:59:25,713  INFO      CSV appended  → output\amazon_products.csv  (30 rows)
2026-03-27 12:59:25,733  INFO      SQLite saved  → output\amazon_products.db  (30 rows upserted)
2026-03-27 12:59:26,116  INFO      Fetching headphones            page  5  →  https://www.amazon.in/s?k=headphones&i=electronics&page=5
2026-03-27 12:59:26,120  INFO      CSV appended  → output\amazon_products.csv  (24 rows)
2026-03-27 12:59:26,138  INFO      SQLite saved  → output\amazon_products.db  (24 rows upserted)
2026-03-27 12:59:26,683  INFO      CSV appended  → output\amazon_products.csv  (25 rows)
2026-03-27 12:59:26,694  INFO      SQLite saved  → output\amazon_products.db  (25 rows upserted)
2026-03-27 12:59:27,196  INFO        ✓ 30 products extracted
2026-03-27 12:59:27,620  INFO        ✓ 30 products extracted
2026-03-27 12:59:29,421  INFO      CSV appended  → output\amazon_products.csv  (23 rows)
2026-03-27 12:59:29,446  INFO      SQLite saved  → output\amazon_products.db  (23 rows upserted)
2026-03-27 12:59:29,526  INFO      CSV appended  → output\amazon_products.csv  (20 rows)
2026-03-27 12:59:29,539  INFO      SQLite saved  → output\amazon_products.db  (20 rows upserted)
2026-03-27 12:59:35,475  INFO      ━━━  Category: EARBUDS  ━━━
2026-03-27 12:59:35,478  INFO      Fetching earbuds               page  1  →  https://www.amazon.in/s?k=wireless+earbuds&i=electronics&page=1
2026-03-27 12:59:35,478  INFO      Fetching earbuds               page  2  →  https://www.amazon.in/s?k=wireless+earbuds&i=electronics&page=2
2026-03-27 12:59:35,480  INFO      Fetching earbuds               page  3  →  https://www.amazon.in/s?k=wireless+earbuds&i=electronics&page=3
2026-03-27 12:59:37,269  INFO        ✓ 30 products extracted
2026-03-27 12:59:37,385  INFO        ✓ 30 products extracted
2026-03-27 12:59:37,734  INFO        ✓ 30 products extracted
2026-03-27 12:59:39,067  INFO      Fetching earbuds               page  4  →  https://www.amazon.in/s?k=wireless+earbuds&i=electronics&page=4
2026-03-27 12:59:39,069  INFO      CSV appended  → output\amazon_products.csv  (30 rows)
2026-03-27 12:59:39,090  INFO      SQLite saved  → output\amazon_products.db  (30 rows upserted)
2026-03-27 12:59:40,334  INFO      Fetching earbuds               page  5  →  https://www.amazon.in/s?k=wireless+earbuds&i=electronics&page=5
2026-03-27 12:59:40,456  INFO      CSV appended  → output\amazon_products.csv  (26 rows)
2026-03-27 12:59:40,548  INFO        ✓ 30 products extracted
2026-03-27 12:59:40,568  INFO      SQLite saved  → output\amazon_products.db  (26 rows upserted)
2026-03-27 12:59:40,836  INFO      CSV appended  → output\amazon_products.csv  (21 rows)
2026-03-27 12:59:40,853  INFO      SQLite saved  → output\amazon_products.db  (21 rows upserted)
2026-03-27 12:59:41,941  INFO        ✓ 30 products extracted
2026-03-27 12:59:42,308  INFO      CSV appended  → output\amazon_products.csv  (25 rows)
2026-03-27 12:59:42,321  INFO      SQLite saved  → output\amazon_products.db  (25 rows upserted)
2026-03-27 12:59:44,918  INFO      CSV appended  → output\amazon_products.csv  (22 rows)
2026-03-27 12:59:44,940  INFO      SQLite saved  → output\amazon_products.db  (22 rows upserted)
2026-03-27 12:59:49,780  INFO      ━━━  Category: SMART_TV  ━━━
2026-03-27 12:59:49,783  INFO      Fetching smart_tv              page  1  →  https://www.amazon.in/s?k=smart+tv&i=electronics&page=1
2026-03-27 12:59:49,784  INFO      Fetching smart_tv              page  2  →  https://www.amazon.in/s?k=smart+tv&i=electronics&page=2
2026-03-27 12:59:49,786  INFO      Fetching smart_tv              page  3  →  https://www.amazon.in/s?k=smart+tv&i=electronics&page=3
2026-03-27 12:59:53,364  INFO        ✓ 30 products extracted
2026-03-27 12:59:54,232  INFO        ✓ 30 products extracted
2026-03-27 12:59:54,505  INFO        ✓ 30 products extracted
2026-03-27 12:59:55,282  INFO      Fetching smart_tv              page  4  →  https://www.amazon.in/s?k=smart+tv&i=electronics&page=4
2026-03-27 12:59:55,290  INFO      CSV appended  → output\amazon_products.csv  (30 rows)
2026-03-27 12:59:55,323  INFO      SQLite saved  → output\amazon_products.db  (30 rows upserted)
2026-03-27 12:59:57,173  INFO      Fetching smart_tv              page  5  →  https://www.amazon.in/s?k=smart+tv&i=electronics&page=5
2026-03-27 12:59:57,310  INFO      CSV appended  → output\amazon_products.csv  (25 rows)
2026-03-27 12:59:57,531  INFO      SQLite saved  → output\amazon_products.db  (25 rows upserted)
2026-03-27 12:59:57,533  INFO        ✓ 30 products extracted
2026-03-27 12:59:57,880  INFO      CSV appended  → output\amazon_products.csv  (24 rows)
2026-03-27 12:59:57,906  INFO      SQLite saved  → output\amazon_products.db  (24 rows upserted)
2026-03-27 12:59:59,478  INFO        ✓ 30 products extracted
2026-03-27 13:00:00,470  INFO      CSV appended  → output\amazon_products.csv  (23 rows)
2026-03-27 13:00:00,513  INFO      SQLite saved  → output\amazon_products.db  (23 rows upserted)
2026-03-27 13:00:02,083  INFO      CSV appended  → output\amazon_products.csv  (23 rows)
2026-03-27 13:00:02,121  INFO      SQLite saved  → output\amazon_products.db  (23 rows upserted)
2026-03-27 13:00:06,096  INFO      ━━━  Category: CAMERA  ━━━
2026-03-27 13:00:06,098  INFO      Fetching camera                page  1  →  https://www.amazon.in/s?k=digital+camera&i=electronics&page=1
2026-03-27 13:00:06,100  INFO      Fetching camera                page  2  →  https://www.amazon.in/s?k=digital+camera&i=electronics&page=2
2026-03-27 13:00:06,103  INFO      Fetching camera                page  3  →  https://www.amazon.in/s?k=digital+camera&i=electronics&page=3
2026-03-27 13:00:09,188  INFO        ✓ 30 products extracted
2026-03-27 13:00:10,686  INFO        ✓ 30 products extracted
2026-03-27 13:00:10,747  INFO        ✓ 30 products extracted
2026-03-27 13:00:11,777  INFO      Fetching camera                page  4  →  https://www.amazon.in/s?k=digital+camera&i=electronics&page=4
2026-03-27 13:00:11,782  INFO      CSV appended  → output\amazon_products.csv  (30 rows)
2026-03-27 13:00:11,822  INFO      SQLite saved  → output\amazon_products.db  (30 rows upserted)
2026-03-27 13:00:12,597  INFO      Fetching camera                page  5  →  https://www.amazon.in/s?k=digital+camera&i=electronics&page=5
2026-03-27 13:00:12,606  INFO      CSV appended  → output\amazon_products.csv  (25 rows)
2026-03-27 13:00:12,638  INFO      SQLite saved  → output\amazon_products.db  (25 rows upserted)
2026-03-27 13:00:13,352  INFO      CSV appended  → output\amazon_products.csv  (22 rows)
2026-03-27 13:00:13,577  INFO      SQLite saved  → output\amazon_products.db  (22 rows upserted)
2026-03-27 13:00:14,071  INFO        ✓ 33 products extracted
2026-03-27 13:00:14,986  INFO        ✓ 30 products extracted
2026-03-27 13:00:17,282  INFO      CSV appended  → output\amazon_products.csv  (22 rows)
2026-03-27 13:00:17,312  INFO      SQLite saved  → output\amazon_products.db  (22 rows upserted)
2026-03-27 13:00:18,041  INFO      CSV appended  → output\amazon_products.csv  (16 rows)
2026-03-27 13:00:18,058  INFO      SQLite saved  → output\amazon_products.db  (16 rows upserted)
2026-03-27 13:00:23,705  INFO      ━━━  Category: GAMING_CONSOLE  ━━━
2026-03-27 13:00:23,706  INFO      Fetching gaming_console        page  1  →  https://www.amazon.in/s?k=gaming+console&i=videogames&page=1
2026-03-27 13:00:23,706  INFO      Fetching gaming_console        page  2  →  https://www.amazon.in/s?k=gaming+console&i=videogames&page=2
2026-03-27 13:00:23,710  INFO      Fetching gaming_console        page  3  →  https://www.amazon.in/s?k=gaming+console&i=videogames&page=3
2026-03-27 13:00:26,785  INFO        ✓ 22 products extracted
2026-03-27 13:00:27,365  INFO        ✓ 22 products extracted
2026-03-27 13:00:27,427  INFO        ✓ 22 products extracted
2026-03-27 13:00:29,001  INFO      Fetching gaming_console        page  4  →  https://www.amazon.in/s?k=gaming+console&i=videogames&page=4
2026-03-27 13:00:29,008  INFO      CSV appended  → output\amazon_products.csv  (22 rows)
2026-03-27 13:00:29,034  INFO      SQLite saved  → output\amazon_products.db  (22 rows upserted)
2026-03-27 13:00:29,078  INFO      Fetching gaming_console        page  5  →  https://www.amazon.in/s?k=gaming+console&i=videogames&page=5
2026-03-27 13:00:29,087  INFO      CSV appended  → output\amazon_products.csv  (17 rows)
2026-03-27 13:00:29,114  INFO      SQLite saved  → output\amazon_products.db  (17 rows upserted)
2026-03-27 13:00:29,142  INFO      CSV appended  → output\amazon_products.csv  (19 rows)
2026-03-27 13:00:29,166  INFO      SQLite saved  → output\amazon_products.db  (19 rows upserted)
2026-03-27 13:00:31,727  INFO        ✓ 22 products extracted
2026-03-27 13:00:31,790  INFO        ✓ 22 products extracted
2026-03-27 13:00:34,023  INFO      CSV appended  → output\amazon_products.csv  (16 rows)
2026-03-27 13:00:34,046  INFO      SQLite saved  → output\amazon_products.db  (16 rows upserted)
2026-03-27 13:00:34,680  INFO      CSV appended  → output\amazon_products.csv  (16 rows)
2026-03-27 13:00:34,713  INFO      SQLite saved  → output\amazon_products.db  (16 rows upserted)
2026-03-27 13:00:39,856  INFO      ━━━  Category: GAMING_LAPTOP  ━━━
2026-03-27 13:00:39,859  INFO      Fetching gaming_laptop         page  1  →  https://www.amazon.in/s?k=gaming+laptop&i=computers&page=1
2026-03-27 13:00:39,860  INFO      Fetching gaming_laptop         page  2  →  https://www.amazon.in/s?k=gaming+laptop&i=computers&page=2
2026-03-27 13:00:39,865  INFO      Fetching gaming_laptop         page  3  →  https://www.amazon.in/s?k=gaming+laptop&i=computers&page=3
2026-03-27 13:00:44,454  INFO        ✓ 30 products extracted
2026-03-27 13:00:44,695  INFO        ✓ 30 products extracted
2026-03-27 13:00:44,749  INFO        ✓ 30 products extracted
2026-03-27 13:00:46,761  INFO      Fetching gaming_laptop         page  4  →  https://www.amazon.in/s?k=gaming+laptop&i=computers&page=4
2026-03-27 13:00:46,768  INFO      CSV appended  → output\amazon_products.csv  (27 rows)
2026-03-27 13:00:46,815  INFO      SQLite saved  → output\amazon_products.db  (27 rows upserted)
2026-03-27 13:00:46,928  INFO      Fetching gaming_laptop         page  5  →  https://www.amazon.in/s?k=gaming+laptop&i=computers&page=5
2026-03-27 13:00:46,935  INFO      CSV appended  → output\amazon_products.csv  (16 rows)
2026-03-27 13:00:46,971  INFO      SQLite saved  → output\amazon_products.db  (16 rows upserted)
2026-03-27 13:00:47,578  INFO      CSV appended  → output\amazon_products.csv  (12 rows)
2026-03-27 13:00:47,610  INFO      SQLite saved  → output\amazon_products.db  (12 rows upserted)
2026-03-27 13:00:49,832  INFO        ✓ 30 products extracted
2026-03-27 13:00:50,214  INFO        ✓ 30 products extracted
2026-03-27 13:00:52,963  INFO      CSV appended  → output\amazon_products.csv  (20 rows)
2026-03-27 13:00:53,003  INFO      SQLite saved  → output\amazon_products.db  (20 rows upserted)
2026-03-27 13:00:53,010  INFO      CSV appended  → output\amazon_products.csv  (22 rows)
2026-03-27 13:00:53,039  INFO      SQLite saved  → output\amazon_products.db  (22 rows upserted)
2026-03-27 13:00:57,232  INFO      ━━━  Category: KEYBOARD  ━━━
2026-03-27 13:00:57,234  INFO      Fetching keyboard              page  1  →  https://www.amazon.in/s?k=mechanical+keyboard&i=computers&page=1
2026-03-27 13:00:57,235  INFO      Fetching keyboard              page  2  →  https://www.amazon.in/s?k=mechanical+keyboard&i=computers&page=2
2026-03-27 13:00:57,239  INFO      Fetching keyboard              page  3  →  https://www.amazon.in/s?k=mechanical+keyboard&i=computers&page=3
2026-03-27 13:01:00,733  INFO        ✓ 30 products extracted
2026-03-27 13:01:01,154  INFO        ✓ 30 products extracted
2026-03-27 13:01:01,370  INFO        ✓ 30 products extracted
2026-03-27 13:01:02,954  INFO      Fetching keyboard              page  4  →  https://www.amazon.in/s?k=mechanical+keyboard&i=computers&page=4
2026-03-27 13:01:02,959  INFO      CSV appended  → output\amazon_products.csv  (30 rows)
2026-03-27 13:01:02,995  INFO      SQLite saved  → output\amazon_products.db  (30 rows upserted)
2026-03-27 13:01:03,989  INFO      Fetching keyboard              page  5  →  https://www.amazon.in/s?k=mechanical+keyboard&i=computers&page=5
2026-03-27 13:01:04,092  INFO      CSV appended  → output\amazon_products.csv  (25 rows)
2026-03-27 13:01:04,384  INFO      SQLite saved  → output\amazon_products.db  (25 rows upserted)
2026-03-27 13:01:04,792  INFO      CSV appended  → output\amazon_products.csv  (25 rows)
2026-03-27 13:01:04,939  INFO        ✓ 30 products extracted
2026-03-27 13:01:04,940  INFO      SQLite saved  → output\amazon_products.db  (25 rows upserted)
2026-03-27 13:01:06,263  INFO        ✓ 30 products extracted
2026-03-27 13:01:07,236  INFO      CSV appended  → output\amazon_products.csv  (23 rows)
2026-03-27 13:01:07,267  INFO      SQLite saved  → output\amazon_products.db  (23 rows upserted)
2026-03-27 13:01:08,769  INFO      CSV appended  → output\amazon_products.csv  (23 rows)
2026-03-27 13:01:08,797  INFO      SQLite saved  → output\amazon_products.db  (23 rows upserted)
2026-03-27 13:01:12,584  INFO      ━━━  Category: MOUSE  ━━━
2026-03-27 13:01:12,585  INFO      Fetching mouse                 page  1  →  https://www.amazon.in/s?k=wireless+mouse&i=computers&page=1
2026-03-27 13:01:12,586  INFO      Fetching mouse                 page  2  →  https://www.amazon.in/s?k=wireless+mouse&i=computers&page=2
2026-03-27 13:01:12,587  INFO      Fetching mouse                 page  3  →  https://www.amazon.in/s?k=wireless+mouse&i=computers&page=3
2026-03-27 13:01:16,607  INFO        ✓ 30 products extracted
2026-03-27 13:01:17,359  INFO        ✓ 30 products extracted
2026-03-27 13:01:17,506  INFO        ✓ 30 products extracted
2026-03-27 13:01:19,342  INFO      Fetching mouse                 page  4  →  https://www.amazon.in/s?k=wireless+mouse&i=computers&page=4
2026-03-27 13:01:19,351  INFO      CSV appended  → output\amazon_products.csv  (30 rows)
2026-03-27 13:01:19,380  INFO      SQLite saved  → output\amazon_products.db  (30 rows upserted)
2026-03-27 13:01:19,815  INFO      Fetching mouse                 page  5  →  https://www.amazon.in/s?k=wireless+mouse&i=computers&page=5
2026-03-27 13:01:19,823  INFO      CSV appended  → output\amazon_products.csv  (25 rows)
2026-03-27 13:01:19,857  INFO      SQLite saved  → output\amazon_products.db  (25 rows upserted)
2026-03-27 13:01:20,044  INFO      CSV appended  → output\amazon_products.csv  (21 rows)
2026-03-27 13:01:20,068  INFO      SQLite saved  → output\amazon_products.db  (21 rows upserted)
2026-03-27 13:01:21,398  INFO        ✓ 30 products extracted
2026-03-27 13:01:22,271  INFO        ✓ 30 products extracted
2026-03-27 13:01:24,569  INFO      CSV appended  → output\amazon_products.csv  (24 rows)
2026-03-27 13:01:24,602  INFO      SQLite saved  → output\amazon_products.db  (24 rows upserted)
2026-03-27 13:01:24,607  INFO      CSV appended  → output\amazon_products.csv  (23 rows)
2026-03-27 13:01:24,653  INFO      SQLite saved  → output\amazon_products.db  (23 rows upserted)
2026-03-27 13:01:27,981  INFO      ━━━  Category: MONITOR  ━━━
2026-03-27 13:01:27,982  INFO      Fetching monitor               page  1  →  https://www.amazon.in/s?k=computer+monitor&i=computers&page=1
2026-03-27 13:01:27,982  INFO      Fetching monitor               page  2  →  https://www.amazon.in/s?k=computer+monitor&i=computers&page=2
2026-03-27 13:01:27,983  INFO      Fetching monitor               page  3  →  https://www.amazon.in/s?k=computer+monitor&i=computers&page=3
2026-03-27 13:01:29,636  INFO        ✓ 30 products extracted
2026-03-27 13:01:29,830  INFO        ✓ 30 products extracted
2026-03-27 13:01:30,317  INFO        ✓ 30 products extracted
2026-03-27 13:01:31,477  INFO      Fetching monitor               page  4  →  https://www.amazon.in/s?k=computer+monitor&i=computers&page=4
2026-03-27 13:01:31,479  INFO      CSV appended  → output\amazon_products.csv  (30 rows)
2026-03-27 13:01:31,491  INFO      SQLite saved  → output\amazon_products.db  (30 rows upserted)
2026-03-27 13:01:32,565  INFO      Fetching monitor               page  5  →  https://www.amazon.in/s?k=computer+monitor&i=computers&page=5
2026-03-27 13:01:32,746  INFO      CSV appended  → output\amazon_products.csv  (25 rows)
2026-03-27 13:01:33,001  INFO      SQLite saved  → output\amazon_products.db  (25 rows upserted)
2026-03-27 13:01:33,002  INFO        ✓ 30 products extracted
2026-03-27 13:01:33,931  INFO        ✓ 30 products extracted
2026-03-27 13:01:33,931  INFO      CSV appended  → output\amazon_products.csv  (26 rows)
2026-03-27 13:01:33,952  INFO      SQLite saved  → output\amazon_products.db  (26 rows upserted)
2026-03-27 13:01:35,188  INFO      CSV appended  → output\amazon_products.csv  (22 rows)
2026-03-27 13:01:35,209  INFO      SQLite saved  → output\amazon_products.db  (22 rows upserted)
2026-03-27 13:01:36,613  INFO      CSV appended  → output\amazon_products.csv  (25 rows)
2026-03-27 13:01:36,624  INFO      SQLite saved  → output\amazon_products.db  (25 rows upserted)
2026-03-27 13:01:42,040  INFO      ━━━  Category: HARD_DRIVE  ━━━
2026-03-27 13:01:42,041  INFO      Fetching hard_drive            page  1  →  https://www.amazon.in/s?k=external+hard+drive&i=computers&page=1
2026-03-27 13:01:42,042  INFO      Fetching hard_drive            page  2  →  https://www.amazon.in/s?k=external+hard+drive&i=computers&page=2
2026-03-27 13:01:42,043  INFO      Fetching hard_drive            page  3  →  https://www.amazon.in/s?k=external+hard+drive&i=computers&page=3
2026-03-27 13:01:43,687  INFO        ✓ 30 products extracted
2026-03-27 13:01:43,788  INFO        ✓ 30 products extracted
2026-03-27 13:01:44,083  INFO        ✓ 30 products extracted
2026-03-27 13:01:46,576  INFO      Fetching hard_drive            page  4  →  https://www.amazon.in/s?k=external+hard+drive&i=computers&page=4
2026-03-27 13:01:46,580  INFO      CSV appended  → output\amazon_products.csv  (30 rows)
2026-03-27 13:01:46,595  INFO      SQLite saved  → output\amazon_products.db  (30 rows upserted)
2026-03-27 13:01:46,685  INFO      Fetching hard_drive            page  5  →  https://www.amazon.in/s?k=external+hard+drive&i=computers&page=5
2026-03-27 13:01:46,689  INFO      CSV appended  → output\amazon_products.csv  (24 rows)
2026-03-27 13:01:46,700  INFO      SQLite saved  → output\amazon_products.db  (24 rows upserted)
2026-03-27 13:01:46,914  INFO      CSV appended  → output\amazon_products.csv  (21 rows)
2026-03-27 13:01:46,925  INFO      SQLite saved  → output\amazon_products.db  (21 rows upserted)
2026-03-27 13:01:47,914  INFO        ✓ 30 products extracted
2026-03-27 13:01:48,230  INFO        ✓ 30 products extracted
2026-03-27 13:01:50,269  INFO      CSV appended  → output\amazon_products.csv  (24 rows)
2026-03-27 13:01:50,292  INFO      SQLite saved  → output\amazon_products.db  (24 rows upserted)
2026-03-27 13:01:51,243  INFO      CSV appended  → output\amazon_products.csv  (25 rows)
2026-03-27 13:01:51,263  INFO      SQLite saved  → output\amazon_products.db  (25 rows upserted)
2026-03-27 13:01:54,340  INFO      ━━━  Category: PEN_DRIVE  ━━━
2026-03-27 13:01:54,342  INFO      Fetching pen_drive             page  1  →  https://www.amazon.in/s?k=pen+drive&i=computers&page=1
2026-03-27 13:01:54,343  INFO      Fetching pen_drive             page  2  →  https://www.amazon.in/s?k=pen+drive&i=computers&page=2
2026-03-27 13:01:54,343  INFO      Fetching pen_drive             page  3  →  https://www.amazon.in/s?k=pen+drive&i=computers&page=3
2026-03-27 13:01:55,862  INFO        ✓ 30 products extracted
2026-03-27 13:01:56,174  INFO        ✓ 30 products extracted
2026-03-27 13:01:56,212  INFO        ✓ 30 products extracted
2026-03-27 13:01:57,991  INFO      Fetching pen_drive             page  4  →  https://www.amazon.in/s?k=pen+drive&i=computers&page=4
2026-03-27 13:01:57,996  INFO      CSV appended  → output\amazon_products.csv  (30 rows)
2026-03-27 13:01:58,013  INFO      SQLite saved  → output\amazon_products.db  (30 rows upserted)
2026-03-27 13:01:58,274  INFO      Fetching pen_drive             page  5  →  https://www.amazon.in/s?k=pen+drive&i=computers&page=5
2026-03-27 13:01:58,277  INFO      CSV appended  → output\amazon_products.csv  (24 rows)
2026-03-27 13:01:58,295  INFO      SQLite saved  → output\amazon_products.db  (24 rows upserted)
2026-03-27 13:01:58,870  INFO      CSV appended  → output\amazon_products.csv  (21 rows)
2026-03-27 13:01:58,882  INFO      SQLite saved  → output\amazon_products.db  (21 rows upserted)
2026-03-27 13:01:59,289  INFO        ✓ 30 products extracted
2026-03-27 13:01:59,745  INFO        ✓ 30 products extracted
2026-03-27 13:02:01,956  INFO      CSV appended  → output\amazon_products.csv  (24 rows)
2026-03-27 13:02:01,978  INFO      SQLite saved  → output\amazon_products.db  (24 rows upserted)
2026-03-27 13:02:02,366  INFO      CSV appended  → output\amazon_products.csv  (24 rows)
2026-03-27 13:02:02,395  INFO      SQLite saved  → output\amazon_products.db  (24 rows upserted)
2026-03-27 13:02:07,285  INFO      ━━━  Category: ROUTER  ━━━
2026-03-27 13:02:07,287  INFO      Fetching router                page  1  →  https://www.amazon.in/s?k=wifi+router&i=electronics&page=1
2026-03-27 13:02:07,288  INFO      Fetching router                page  2  →  https://www.amazon.in/s?k=wifi+router&i=electronics&page=2
2026-03-27 13:02:07,290  INFO      Fetching router                page  3  →  https://www.amazon.in/s?k=wifi+router&i=electronics&page=3
2026-03-27 13:02:11,575  INFO        ✓ 30 products extracted
2026-03-27 13:02:11,931  INFO        ✓ 30 products extracted
2026-03-27 13:02:12,049  INFO        ✓ 30 products extracted
2026-03-27 13:02:13,165  INFO      Fetching router                page  4  →  https://www.amazon.in/s?k=wifi+router&i=electronics&page=4
2026-03-27 13:02:13,172  INFO      CSV appended  → output\amazon_products.csv  (30 rows)
2026-03-27 13:02:13,217  INFO      SQLite saved  → output\amazon_products.db  (30 rows upserted)
2026-03-27 13:02:14,827  INFO      Fetching router                page  5  →  https://www.amazon.in/s?k=wifi+router&i=electronics&page=5
2026-03-27 13:02:14,935  INFO      CSV appended  → output\amazon_products.csv  (23 rows)
2026-03-27 13:02:15,137  INFO      SQLite saved  → output\amazon_products.db  (23 rows upserted)
2026-03-27 13:02:15,419  INFO      CSV appended  → output\amazon_products.csv  (24 rows)
2026-03-27 13:02:15,734  INFO        ✓ 30 products extracted
2026-03-27 13:02:15,753  INFO      SQLite saved  → output\amazon_products.db  (24 rows upserted)
2026-03-27 13:02:16,868  INFO        ✓ 30 products extracted
2026-03-27 13:02:18,511  INFO      CSV appended  → output\amazon_products.csv  (24 rows)
2026-03-27 13:02:18,575  INFO      SQLite saved  → output\amazon_products.db  (24 rows upserted)
2026-03-27 13:02:18,748  INFO      CSV appended  → output\amazon_products.csv  (16 rows)
2026-03-27 13:02:18,775  INFO      SQLite saved  → output\amazon_products.db  (16 rows upserted)
2026-03-27 13:02:23,982  INFO      ━━━  Category: POWER_BANK  ━━━
2026-03-27 13:02:23,989  INFO      Fetching power_bank            page  1  →  https://www.amazon.in/s?k=power+bank&i=electronics&page=1
2026-03-27 13:02:23,990  INFO      Fetching power_bank            page  2  →  https://www.amazon.in/s?k=power+bank&i=electronics&page=2
2026-03-27 13:02:23,991  INFO      Fetching power_bank            page  3  →  https://www.amazon.in/s?k=power+bank&i=electronics&page=3
2026-03-27 13:02:26,731  INFO        ✓ 33 products extracted
2026-03-27 13:02:26,747  INFO        ✓ 33 products extracted
2026-03-27 13:02:26,774  INFO        ✓ 33 products extracted
2026-03-27 13:02:28,628  INFO      Fetching power_bank            page  4  →  https://www.amazon.in/s?k=power+bank&i=electronics&page=4
2026-03-27 13:02:28,633  INFO      CSV appended  → output\amazon_products.csv  (33 rows)
2026-03-27 13:02:28,646  INFO      SQLite saved  → output\amazon_products.db  (33 rows upserted)
2026-03-27 13:02:28,930  INFO      Fetching power_bank            page  5  →  https://www.amazon.in/s?k=power+bank&i=electronics&page=5
2026-03-27 13:02:28,934  INFO      CSV appended  → output\amazon_products.csv  (25 rows)
2026-03-27 13:02:28,944  INFO      SQLite saved  → output\amazon_products.db  (25 rows upserted)
2026-03-27 13:02:29,435  INFO      CSV appended  → output\amazon_products.csv  (27 rows)
2026-03-27 13:02:29,447  INFO      SQLite saved  → output\amazon_products.db  (27 rows upserted)
2026-03-27 13:02:30,034  INFO        ✓ 33 products extracted
2026-03-27 13:02:30,331  INFO        ✓ 33 products extracted
2026-03-27 13:02:32,953  INFO      CSV appended  → output\amazon_products.csv  (26 rows)
2026-03-27 13:02:32,967  INFO      SQLite saved  → output\amazon_products.db  (26 rows upserted)
2026-03-27 13:02:33,099  INFO      CSV appended  → output\amazon_products.csv  (22 rows)
2026-03-27 13:02:33,109  INFO      SQLite saved  → output\amazon_products.db  (22 rows upserted)
2026-03-27 13:02:36,857  INFO      ━━━  Category: PHONE_CHARGER  ━━━
2026-03-27 13:02:36,858  INFO      Fetching phone_charger         page  1  →  https://www.amazon.in/s?k=fast+charger&i=electronics&page=1
2026-03-27 13:02:36,859  INFO      Fetching phone_charger         page  2  →  https://www.amazon.in/s?k=fast+charger&i=electronics&page=2
2026-03-27 13:02:36,859  INFO      Fetching phone_charger         page  3  →  https://www.amazon.in/s?k=fast+charger&i=electronics&page=3
2026-03-27 13:02:38,474  INFO        ✓ 33 products extracted
2026-03-27 13:02:38,653  INFO        ✓ 33 products extracted
2026-03-27 13:02:38,905  INFO        ✓ 33 products extracted
2026-03-27 13:02:40,248  INFO      Fetching phone_charger         page  4  →  https://www.amazon.in/s?k=fast+charger&i=electronics&page=4
2026-03-27 13:02:40,254  INFO      CSV appended  → output\amazon_products.csv  (33 rows)
2026-03-27 13:02:40,269  INFO      SQLite saved  → output\amazon_products.db  (33 rows upserted)
2026-03-27 13:02:40,558  INFO      Fetching phone_charger         page  5  →  https://www.amazon.in/s?k=fast+charger&i=electronics&page=5
2026-03-27 13:02:40,563  INFO      CSV appended  → output\amazon_products.csv  (26 rows)
2026-03-27 13:02:40,588  INFO      SQLite saved  → output\amazon_products.db  (26 rows upserted)
2026-03-27 13:02:41,863  INFO        ✓ 33 products extracted
2026-03-27 13:02:42,171  INFO        ✓ 33 products extracted
2026-03-27 13:02:42,346  INFO      CSV appended  → output\amazon_products.csv  (25 rows)
2026-03-27 13:02:42,364  INFO      SQLite saved  → output\amazon_products.db  (25 rows upserted)
2026-03-27 13:02:43,668  INFO      CSV appended  → output\amazon_products.csv  (22 rows)
2026-03-27 13:02:43,701  INFO      SQLite saved  → output\amazon_products.db  (22 rows upserted)
2026-03-27 13:02:45,443  INFO      CSV appended  → output\amazon_products.csv  (24 rows)
2026-03-27 13:02:45,466  INFO      SQLite saved  → output\amazon_products.db  (24 rows upserted)
2026-03-27 13:02:48,629  INFO      ━━━  Category: AIR_CONDITIONER  ━━━
2026-03-27 13:02:48,631  INFO      Fetching air_conditioner       page  1  →  https://www.amazon.in/s?k=air+conditioner&i=kitchen&page=1
2026-03-27 13:02:48,632  INFO      Fetching air_conditioner       page  2  →  https://www.amazon.in/s?k=air+conditioner&i=kitchen&page=2
2026-03-27 13:02:48,633  INFO      Fetching air_conditioner       page  3  →  https://www.amazon.in/s?k=air+conditioner&i=kitchen&page=3
2026-03-27 13:02:49,956  INFO        ✓ 22 products extracted
2026-03-27 13:02:50,253  INFO        ✓ 22 products extracted
2026-03-27 13:02:50,734  INFO        ✓ 22 products extracted
2026-03-27 13:02:52,299  INFO      Fetching air_conditioner       page  4  →  https://www.amazon.in/s?k=air+conditioner&i=kitchen&page=4
2026-03-27 13:02:52,304  INFO      Fetching air_conditioner       page  5  →  https://www.amazon.in/s?k=air+conditioner&i=kitchen&page=5
2026-03-27 13:02:52,305  INFO      CSV appended  → output\amazon_products.csv  (22 rows)
2026-03-27 13:02:52,332  INFO      SQLite saved  → output\amazon_products.db  (22 rows upserted)
2026-03-27 13:02:52,334  INFO      CSV appended  → output\amazon_products.csv  (18 rows)
2026-03-27 13:02:52,344  INFO      SQLite saved  → output\amazon_products.db  (18 rows upserted)
2026-03-27 13:02:52,465  INFO      CSV appended  → output\amazon_products.csv  (15 rows)
2026-03-27 13:02:52,482  INFO      SQLite saved  → output\amazon_products.db  (15 rows upserted)
2026-03-27 13:02:53,605  INFO        ✓ 22 products extracted
2026-03-27 13:02:53,886  INFO        ✓ 22 products extracted
2026-03-27 13:02:56,432  INFO      CSV appended  → output\amazon_products.csv  (15 rows)
2026-03-27 13:02:56,463  INFO      SQLite saved  → output\amazon_products.db  (15 rows upserted)
2026-03-27 13:02:57,197  INFO      CSV appended  → output\amazon_products.csv  (14 rows)
2026-03-27 13:02:57,213  INFO      SQLite saved  → output\amazon_products.db  (14 rows upserted)
2026-03-27 13:03:02,566  INFO      ━━━  Category: REFRIGERATOR  ━━━
2026-03-27 13:03:02,568  INFO      Fetching refrigerator          page  1  →  https://www.amazon.in/s?k=refrigerator&i=kitchen&page=1
2026-03-27 13:03:02,569  INFO      Fetching refrigerator          page  2  →  https://www.amazon.in/s?k=refrigerator&i=kitchen&page=2
2026-03-27 13:03:02,572  INFO      Fetching refrigerator          page  3  →  https://www.amazon.in/s?k=refrigerator&i=kitchen&page=3
2026-03-27 13:03:03,857  INFO        ✓ 22 products extracted
2026-03-27 13:03:04,332  INFO        ✓ 22 products extracted
2026-03-27 13:03:04,365  INFO        ✓ 22 products extracted
2026-03-27 13:03:06,191  INFO      Fetching refrigerator          page  4  →  https://www.amazon.in/s?k=refrigerator&i=kitchen&page=4
2026-03-27 13:03:06,197  INFO      CSV appended  → output\amazon_products.csv  (22 rows)
2026-03-27 13:03:06,214  INFO      SQLite saved  → output\amazon_products.db  (22 rows upserted)
2026-03-27 13:03:06,798  INFO      Fetching refrigerator          page  5  →  https://www.amazon.in/s?k=refrigerator&i=kitchen&page=5
2026-03-27 13:03:06,803  INFO      CSV appended  → output\amazon_products.csv  (16 rows)
2026-03-27 13:03:06,830  INFO      SQLite saved  → output\amazon_products.db  (16 rows upserted)
2026-03-27 13:03:06,832  INFO      CSV appended  → output\amazon_products.csv  (17 rows)
2026-03-27 13:03:06,845  INFO      SQLite saved  → output\amazon_products.db  (17 rows upserted)
2026-03-27 13:03:07,427  INFO        ✓ 22 products extracted
2026-03-27 13:03:08,227  INFO        ✓ 22 products extracted
2026-03-27 13:03:09,502  INFO      CSV appended  → output\amazon_products.csv  (15 rows)
2026-03-27 13:03:09,519  INFO      SQLite saved  → output\amazon_products.db  (15 rows upserted)
2026-03-27 13:03:09,972  INFO      CSV appended  → output\amazon_products.csv  (14 rows)
2026-03-27 13:03:09,985  INFO      SQLite saved  → output\amazon_products.db  (14 rows upserted)
2026-03-27 13:03:13,027  INFO      ━━━  Category: WASHING_MACHINE  ━━━
2026-03-27 13:03:13,029  INFO      Fetching washing_machine       page  1  →  https://www.amazon.in/s?k=washing+machine&i=kitchen&page=1
2026-03-27 13:03:13,030  INFO      Fetching washing_machine       page  2  →  https://www.amazon.in/s?k=washing+machine&i=kitchen&page=2
2026-03-27 13:03:13,031  INFO      Fetching washing_machine       page  3  →  https://www.amazon.in/s?k=washing+machine&i=kitchen&page=3
2026-03-27 13:03:15,751  INFO        ✓ 22 products extracted
2026-03-27 13:03:16,211  INFO        ✓ 22 products extracted
2026-03-27 13:03:16,259  INFO        ✓ 22 products extracted
2026-03-27 13:03:18,861  INFO      Fetching washing_machine       page  4  →  https://www.amazon.in/s?k=washing+machine&i=kitchen&page=4
2026-03-27 13:03:18,867  INFO      CSV appended  → output\amazon_products.csv  (22 rows)
2026-03-27 13:03:18,890  INFO      SQLite saved  → output\amazon_products.db  (22 rows upserted)
2026-03-27 13:03:19,126  INFO      Fetching washing_machine       page  5  →  https://www.amazon.in/s?k=washing+machine&i=kitchen&page=5
2026-03-27 13:03:19,131  INFO      CSV appended  → output\amazon_products.csv  (17 rows)
2026-03-27 13:03:19,156  INFO      SQLite saved  → output\amazon_products.db  (17 rows upserted)
2026-03-27 13:03:19,283  INFO      CSV appended  → output\amazon_products.csv  (13 rows)
2026-03-27 13:03:19,297  INFO      SQLite saved  → output\amazon_products.db  (13 rows upserted)
2026-03-27 13:03:21,199  INFO        ✓ 22 products extracted
2026-03-27 13:03:21,214  INFO        ✓ 22 products extracted
2026-03-27 13:03:23,120  INFO      CSV appended  → output\amazon_products.csv  (14 rows)
2026-03-27 13:03:23,134  INFO      SQLite saved  → output\amazon_products.db  (14 rows upserted)
2026-03-27 13:03:24,174  INFO      CSV appended  → output\amazon_products.csv  (16 rows)
2026-03-27 13:03:24,201  INFO      SQLite saved  → output\amazon_products.db  (16 rows upserted)
2026-03-27 13:03:28,538  INFO      ━━━  Category: MICROWAVE  ━━━
2026-03-27 13:03:28,540  INFO      Fetching microwave             page  1  →  https://www.amazon.in/s?k=microwave+oven&i=kitchen&page=1
2026-03-27 13:03:28,540  INFO      Fetching microwave             page  2  →  https://www.amazon.in/s?k=microwave+oven&i=kitchen&page=2
2026-03-27 13:03:28,540  INFO      Fetching microwave             page  3  →  https://www.amazon.in/s?k=microwave+oven&i=kitchen&page=3
2026-03-27 13:03:29,840  INFO        ✓ 16 products extracted
2026-03-27 13:03:30,281  INFO        ✓ 16 products extracted
2026-03-27 13:03:30,305  INFO        ✓ 17 products extracted
2026-03-27 13:03:32,117  INFO      Fetching microwave             page  4  →  https://www.amazon.in/s?k=microwave+oven&i=kitchen&page=4
2026-03-27 13:03:32,122  INFO      CSV appended  → output\amazon_products.csv  (17 rows)
2026-03-27 13:03:32,140  INFO      SQLite saved  → output\amazon_products.db  (17 rows upserted)
2026-03-27 13:03:32,630  INFO      Fetching microwave             page  5  →  https://www.amazon.in/s?k=microwave+oven&i=kitchen&page=5
2026-03-27 13:03:32,636  INFO      CSV appended  → output\amazon_products.csv  (15 rows)
2026-03-27 13:03:32,654  INFO      SQLite saved  → output\amazon_products.db  (15 rows upserted)
2026-03-27 13:03:33,041  INFO      CSV appended  → output\amazon_products.csv  (16 rows)
2026-03-27 13:03:33,315  INFO        ✓ 16 products extracted
2026-03-27 13:03:33,324  INFO      SQLite saved  → output\amazon_products.db  (16 rows upserted)
2026-03-27 13:03:33,931  INFO        ✓ 16 products extracted
2026-03-27 13:03:35,364  INFO      CSV appended  → output\amazon_products.csv  (16 rows)
2026-03-27 13:03:35,388  INFO      SQLite saved  → output\amazon_products.db  (16 rows upserted)
2026-03-27 13:03:37,376  INFO      CSV appended  → output\amazon_products.csv  (16 rows)
2026-03-27 13:03:37,395  INFO      SQLite saved  → output\amazon_products.db  (16 rows upserted)
2026-03-27 13:03:42,030  INFO      ━━━  Category: MIXER_GRINDER  ━━━
2026-03-27 13:03:42,032  INFO      Fetching mixer_grinder         page  1  →  https://www.amazon.in/s?k=mixer+grinder&i=kitchen&page=1
2026-03-27 13:03:42,032  INFO      Fetching mixer_grinder         page  2  →  https://www.amazon.in/s?k=mixer+grinder&i=kitchen&page=2
2026-03-27 13:03:42,035  INFO      Fetching mixer_grinder         page  3  →  https://www.amazon.in/s?k=mixer+grinder&i=kitchen&page=3
2026-03-27 13:03:43,943  INFO        ✓ 22 products extracted
2026-03-27 13:03:44,441  INFO        ✓ 22 products extracted
2026-03-27 13:03:44,505  INFO        ✓ 22 products extracted
2026-03-27 13:03:46,800  INFO      Fetching mixer_grinder         page  4  →  https://www.amazon.in/s?k=mixer+grinder&i=kitchen&page=4
2026-03-27 13:03:46,807  INFO      CSV appended  → output\amazon_products.csv  (22 rows)
2026-03-27 13:03:46,831  INFO      SQLite saved  → output\amazon_products.db  (22 rows upserted)
2026-03-27 13:03:47,151  INFO      Fetching mixer_grinder         page  5  →  https://www.amazon.in/s?k=mixer+grinder&i=kitchen&page=5
2026-03-27 13:03:47,157  INFO      CSV appended  → output\amazon_products.csv  (16 rows)
2026-03-27 13:03:47,173  INFO      SQLite saved  → output\amazon_products.db  (16 rows upserted)
2026-03-27 13:03:47,233  INFO      CSV appended  → output\amazon_products.csv  (16 rows)
2026-03-27 13:03:47,255  INFO      SQLite saved  → output\amazon_products.db  (16 rows upserted)
2026-03-27 13:03:48,585  INFO        ✓ 22 products extracted
2026-03-27 13:03:48,936  INFO        ✓ 22 products extracted
2026-03-27 13:03:50,361  INFO      CSV appended  → output\amazon_products.csv  (16 rows)
2026-03-27 13:03:50,382  INFO      SQLite saved  → output\amazon_products.db  (16 rows upserted)
2026-03-27 13:03:50,699  INFO      CSV appended  → output\amazon_products.csv  (15 rows)
2026-03-27 13:03:50,712  INFO      SQLite saved  → output\amazon_products.db  (15 rows upserted)
2026-03-27 13:03:54,965  INFO      ━━━  Category: AIR_PURIFIER  ━━━
2026-03-27 13:03:54,967  INFO      Fetching air_purifier          page  1  →  https://www.amazon.in/s?k=air+purifier&i=kitchen&page=1
2026-03-27 13:03:54,968  INFO      Fetching air_purifier          page  2  →  https://www.amazon.in/s?k=air+purifier&i=kitchen&page=2
2026-03-27 13:03:54,969  INFO      Fetching air_purifier          page  3  →  https://www.amazon.in/s?k=air+purifier&i=kitchen&page=3
2026-03-27 13:03:56,780  INFO        ✓ 22 products extracted
2026-03-27 13:03:57,078  INFO        ✓ 22 products extracted
2026-03-27 13:03:57,138  INFO        ✓ 22 products extracted
2026-03-27 13:03:59,808  INFO      Fetching air_purifier          page  4  →  https://www.amazon.in/s?k=air+purifier&i=kitchen&page=4
2026-03-27 13:03:59,810  INFO      CSV appended  → output\amazon_products.csv  (22 rows)
2026-03-27 13:03:59,837  INFO      SQLite saved  → output\amazon_products.db  (22 rows upserted)
2026-03-27 13:03:59,964  INFO      Fetching air_purifier          page  5  →  https://www.amazon.in/s?k=air+purifier&i=kitchen&page=5
2026-03-27 13:03:59,971  INFO      CSV appended  → output\amazon_products.csv  (13 rows)
2026-03-27 13:03:59,988  INFO      SQLite saved  → output\amazon_products.db  (13 rows upserted)
2026-03-27 13:04:00,077  INFO      CSV appended  → output\amazon_products.csv  (18 rows)
2026-03-27 13:04:00,093  INFO      SQLite saved  → output\amazon_products.db  (18 rows upserted)
2026-03-27 13:04:01,166  INFO        ✓ 22 products extracted
2026-03-27 13:04:01,444  INFO        ✓ 22 products extracted
2026-03-27 13:04:04,205  INFO      CSV appended  → output\amazon_products.csv  (16 rows)
2026-03-27 13:04:04,229  INFO      SQLite saved  → output\amazon_products.db  (16 rows upserted)
2026-03-27 13:04:04,341  INFO      CSV appended  → output\amazon_products.csv  (16 rows)
2026-03-27 13:04:04,352  INFO      SQLite saved  → output\amazon_products.db  (16 rows upserted)
2026-03-27 13:04:07,513  INFO      ━━━  Category: CEILING_FAN  ━━━
2026-03-27 13:04:07,514  INFO      Fetching ceiling_fan           page  1  →  https://www.amazon.in/s?k=ceiling+fan&i=kitchen&page=1
2026-03-27 13:04:07,515  INFO      Fetching ceiling_fan           page  2  →  https://www.amazon.in/s?k=ceiling+fan&i=kitchen&page=2
2026-03-27 13:04:07,516  INFO      Fetching ceiling_fan           page  3  →  https://www.amazon.in/s?k=ceiling+fan&i=kitchen&page=3
2026-03-27 13:04:10,534  INFO        ✓ 22 products extracted
2026-03-27 13:04:10,705  INFO        ✓ 22 products extracted
2026-03-27 13:04:10,919  INFO        ✓ 22 products extracted
2026-03-27 13:04:12,293  INFO      Fetching ceiling_fan           page  4  →  https://www.amazon.in/s?k=ceiling+fan&i=kitchen&page=4
2026-03-27 13:04:12,298  INFO      CSV appended  → output\amazon_products.csv  (22 rows)
2026-03-27 13:04:12,316  INFO      SQLite saved  → output\amazon_products.db  (22 rows upserted)
2026-03-27 13:04:13,404  INFO      Fetching ceiling_fan           page  5  →  https://www.amazon.in/s?k=ceiling+fan&i=kitchen&page=5
2026-03-27 13:04:13,406  INFO      CSV appended  → output\amazon_products.csv  (17 rows)
2026-03-27 13:04:13,428  INFO      SQLite saved  → output\amazon_products.db  (17 rows upserted)
2026-03-27 13:04:13,567  INFO      CSV appended  → output\amazon_products.csv  (18 rows)
2026-03-27 13:04:13,583  INFO      SQLite saved  → output\amazon_products.db  (18 rows upserted)
2026-03-27 13:04:14,753  INFO        ✓ 22 products extracted
2026-03-27 13:04:15,601  INFO        ✓ 22 products extracted
2026-03-27 13:04:17,705  INFO      CSV appended  → output\amazon_products.csv  (16 rows)
2026-03-27 13:04:17,729  INFO      SQLite saved  → output\amazon_products.db  (16 rows upserted)
2026-03-27 13:04:17,940  INFO      CSV appended  → output\amazon_products.csv  (15 rows)
2026-03-27 13:04:17,956  INFO      SQLite saved  → output\amazon_products.db  (15 rows upserted)
2026-03-27 13:04:23,218  INFO      ━━━  Category: WATER_PURIFIER  ━━━
2026-03-27 13:04:23,219  INFO      Fetching water_purifier        page  1  →  https://www.amazon.in/s?k=water+purifier&i=kitchen&page=1
2026-03-27 13:04:23,221  INFO      Fetching water_purifier        page  2  →  https://www.amazon.in/s?k=water+purifier&i=kitchen&page=2
2026-03-27 13:04:23,221  INFO      Fetching water_purifier        page  3  →  https://www.amazon.in/s?k=water+purifier&i=kitchen&page=3
2026-03-27 13:04:26,807  INFO        ✓ 22 products extracted
2026-03-27 13:04:26,845  INFO        ✓ 22 products extracted
2026-03-27 13:04:26,857  INFO        ✓ 22 products extracted
2026-03-27 13:04:28,514  INFO      Fetching water_purifier        page  4  →  https://www.amazon.in/s?k=water+purifier&i=kitchen&page=4
2026-03-27 13:04:28,519  INFO      CSV appended  → output\amazon_products.csv  (22 rows)
2026-03-27 13:04:28,545  INFO      SQLite saved  → output\amazon_products.db  (22 rows upserted)
2026-03-27 13:04:29,533  INFO      Fetching water_purifier        page  5  →  https://www.amazon.in/s?k=water+purifier&i=kitchen&page=5
2026-03-27 13:04:29,536  INFO      CSV appended  → output\amazon_products.csv  (16 rows)
2026-03-27 13:04:29,551  INFO      SQLite saved  → output\amazon_products.db  (16 rows upserted)
2026-03-27 13:04:29,941  INFO      CSV appended  → output\amazon_products.csv  (16 rows)
2026-03-27 13:04:29,955  INFO      SQLite saved  → output\amazon_products.db  (16 rows upserted)
2026-03-27 13:04:30,850  INFO        ✓ 22 products extracted
2026-03-27 13:04:31,101  INFO        ✓ 22 products extracted
2026-03-27 13:04:32,661  INFO      CSV appended  → output\amazon_products.csv  (16 rows)
2026-03-27 13:04:32,684  INFO      SQLite saved  → output\amazon_products.db  (16 rows upserted)
2026-03-27 13:04:33,286  INFO      CSV appended  → output\amazon_products.csv  (18 rows)
2026-03-27 13:04:33,311  INFO      SQLite saved  → output\amazon_products.db  (18 rows upserted)
2026-03-27 13:04:37,279  INFO      ━━━  Category: MEN_TSHIRT  ━━━
2026-03-27 13:04:37,280  INFO      Fetching men_tshirt            page  1  →  https://www.amazon.in/s?k=men+t-shirt&i=apparel&page=1
2026-03-27 13:04:37,281  INFO      Fetching men_tshirt            page  2  →  https://www.amazon.in/s?k=men+t-shirt&i=apparel&page=2
2026-03-27 13:04:37,284  INFO      Fetching men_tshirt            page  3  →  https://www.amazon.in/s?k=men+t-shirt&i=apparel&page=3
2026-03-27 13:04:39,877  INFO        ✓ 60 products extracted
2026-03-27 13:04:39,942  INFO        ✓ 60 products extracted
2026-03-27 13:04:40,091  INFO        ✓ 60 products extracted
2026-03-27 13:04:41,644  INFO      Fetching men_tshirt            page  4  →  https://www.amazon.in/s?k=men+t-shirt&i=apparel&page=4
2026-03-27 13:04:41,651  INFO      CSV appended  → output\amazon_products.csv  (60 rows)
2026-03-27 13:04:41,669  INFO      Fetching men_tshirt            page  5  →  https://www.amazon.in/s?k=men+t-shirt&i=apparel&page=5
2026-03-27 13:04:41,669  INFO      SQLite saved  → output\amazon_products.db  (60 rows upserted)
2026-03-27 13:04:41,676  INFO      CSV appended  → output\amazon_products.csv  (49 rows)
2026-03-27 13:04:41,687  INFO      SQLite saved  → output\amazon_products.db  (49 rows upserted)
2026-03-27 13:04:43,214  INFO      CSV appended  → output\amazon_products.csv  (52 rows)
2026-03-27 13:04:43,501  INFO        ✓ 60 products extracted
2026-03-27 13:04:43,504  INFO      SQLite saved  → output\amazon_products.db  (52 rows upserted)
2026-03-27 13:04:43,952  INFO        ✓ 60 products extracted
2026-03-27 13:04:46,611  INFO      CSV appended  → output\amazon_products.csv  (53 rows)
2026-03-27 13:04:46,637  INFO      SQLite saved  → output\amazon_products.db  (53 rows upserted)
2026-03-27 13:04:46,873  INFO      CSV appended  → output\amazon_products.csv  (48 rows)
2026-03-27 13:04:46,900  INFO      SQLite saved  → output\amazon_products.db  (48 rows upserted)
2026-03-27 13:04:50,263  INFO      ━━━  Category: WOMEN_DRESS  ━━━
2026-03-27 13:04:50,265  INFO      Fetching women_dress           page  1  →  https://www.amazon.in/s?k=women+dress&i=apparel&page=1
2026-03-27 13:04:50,266  INFO      Fetching women_dress           page  2  →  https://www.amazon.in/s?k=women+dress&i=apparel&page=2
2026-03-27 13:04:50,266  INFO      Fetching women_dress           page  3  →  https://www.amazon.in/s?k=women+dress&i=apparel&page=3
2026-03-27 13:04:53,030  INFO        ✓ 60 products extracted
2026-03-27 13:04:53,890  INFO        ✓ 60 products extracted
2026-03-27 13:04:53,928  INFO        ✓ 60 products extracted
2026-03-27 13:04:55,241  INFO      Fetching women_dress           page  4  →  https://www.amazon.in/s?k=women+dress&i=apparel&page=4
2026-03-27 13:04:55,247  INFO      CSV appended  → output\amazon_products.csv  (60 rows)
2026-03-27 13:04:55,270  INFO      SQLite saved  → output\amazon_products.db  (60 rows upserted)
2026-03-27 13:04:55,608  INFO      Fetching women_dress           page  5  →  https://www.amazon.in/s?k=women+dress&i=apparel&page=5
2026-03-27 13:04:55,614  INFO      CSV appended  → output\amazon_products.csv  (55 rows)
2026-03-27 13:04:55,641  INFO      SQLite saved  → output\amazon_products.db  (55 rows upserted)
2026-03-27 13:04:57,236  INFO      CSV appended  → output\amazon_products.csv  (48 rows)
2026-03-27 13:04:57,325  INFO        ✓ 60 products extracted
2026-03-27 13:04:57,825  INFO        ✓ 60 products extracted
2026-03-27 13:04:57,841  INFO      SQLite saved  → output\amazon_products.db  (48 rows upserted)
2026-03-27 13:04:59,144  INFO      CSV appended  → output\amazon_products.csv  (50 rows)
2026-03-27 13:04:59,165  INFO      SQLite saved  → output\amazon_products.db  (50 rows upserted)
2026-03-27 13:05:00,790  INFO      CSV appended  → output\amazon_products.csv  (48 rows)
2026-03-27 13:05:00,808  INFO      SQLite saved  → output\amazon_products.db  (48 rows upserted)
2026-03-27 13:05:05,260  INFO      ━━━  Category: MEN_SHOES  ━━━
2026-03-27 13:05:05,261  INFO      Fetching men_shoes             page  1  →  https://www.amazon.in/s?k=men+shoes&i=shoes&page=1
2026-03-27 13:05:05,264  INFO      Fetching men_shoes             page  2  →  https://www.amazon.in/s?k=men+shoes&i=shoes&page=2
2026-03-27 13:05:05,264  INFO      Fetching men_shoes             page  3  →  https://www.amazon.in/s?k=men+shoes&i=shoes&page=3
2026-03-27 13:05:07,679  INFO        ✓ 60 products extracted
2026-03-27 13:05:07,747  INFO        ✓ 60 products extracted
2026-03-27 13:05:08,216  INFO        ✓ 60 products extracted
2026-03-27 13:05:09,785  INFO      Fetching men_shoes             page  4  →  https://www.amazon.in/s?k=men+shoes&i=shoes&page=4
2026-03-27 13:05:09,790  INFO      CSV appended  → output\amazon_products.csv  (60 rows)
2026-03-27 13:05:09,817  INFO      SQLite saved  → output\amazon_products.db  (60 rows upserted)
2026-03-27 13:05:10,136  INFO      Fetching men_shoes             page  5  →  https://www.amazon.in/s?k=men+shoes&i=shoes&page=5
2026-03-27 13:05:10,155  INFO      CSV appended  → output\amazon_products.csv  (57 rows)
2026-03-27 13:05:10,167  INFO      SQLite saved  → output\amazon_products.db  (57 rows upserted)
2026-03-27 13:05:10,413  INFO      CSV appended  → output\amazon_products.csv  (51 rows)
2026-03-27 13:05:10,436  INFO      SQLite saved  → output\amazon_products.db  (51 rows upserted)
2026-03-27 13:05:11,520  INFO        ✓ 60 products extracted
2026-03-27 13:05:12,181  INFO        ✓ 60 products extracted
2026-03-27 13:05:13,727  INFO      CSV appended  → output\amazon_products.csv  (51 rows)
2026-03-27 13:05:13,751  INFO      SQLite saved  → output\amazon_products.db  (51 rows upserted)
2026-03-27 13:05:14,855  INFO      CSV appended  → output\amazon_products.csv  (49 rows)
2026-03-27 13:05:14,867  INFO      SQLite saved  → output\amazon_products.db  (49 rows upserted)
2026-03-27 13:05:18,079  INFO      ━━━  Category: WOMEN_SHOES  ━━━
2026-03-27 13:05:18,082  INFO      Fetching women_shoes           page  1  →  https://www.amazon.in/s?k=women+shoes&i=shoes&page=1
2026-03-27 13:05:18,083  INFO      Fetching women_shoes           page  2  →  https://www.amazon.in/s?k=women+shoes&i=shoes&page=2
2026-03-27 13:05:18,084  INFO      Fetching women_shoes           page  3  →  https://www.amazon.in/s?k=women+shoes&i=shoes&page=3
2026-03-27 13:05:21,789  INFO        ✓ 60 products extracted
2026-03-27 13:05:22,868  INFO        ✓ 60 products extracted
2026-03-27 13:05:23,563  INFO        ✓ 60 products extracted
2026-03-27 13:05:24,410  INFO      Fetching women_shoes           page  4  →  https://www.amazon.in/s?k=women+shoes&i=shoes&page=4
2026-03-27 13:05:24,419  INFO      Fetching women_shoes           page  5  →  https://www.amazon.in/s?k=women+shoes&i=shoes&page=5
2026-03-27 13:05:24,430  INFO      CSV appended  → output\amazon_products.csv  (60 rows)
2026-03-27 13:05:24,477  INFO      SQLite saved  → output\amazon_products.db  (60 rows upserted)
2026-03-27 13:05:24,486  INFO      CSV appended  → output\amazon_products.csv  (53 rows)
2026-03-27 13:05:24,523  INFO      SQLite saved  → output\amazon_products.db  (53 rows upserted)
2026-03-27 13:05:25,313  INFO      CSV appended  → output\amazon_products.csv  (50 rows)
2026-03-27 13:05:25,342  INFO      SQLite saved  → output\amazon_products.db  (50 rows upserted)
2026-03-27 13:05:28,892  INFO        ✓ 60 products extracted
2026-03-27 13:05:29,169  INFO        ✓ 60 products extracted
2026-03-27 13:05:31,207  INFO      CSV appended  → output\amazon_products.csv  (50 rows)
2026-03-27 13:05:31,247  INFO      SQLite saved  → output\amazon_products.db  (50 rows upserted)
2026-03-27 13:05:31,910  INFO      CSV appended  → output\amazon_products.csv  (47 rows)
2026-03-27 13:05:31,947  INFO      SQLite saved  → output\amazon_products.db  (47 rows upserted)
2026-03-27 13:05:37,418  INFO      ━━━  Category: BACKPACK  ━━━
2026-03-27 13:05:37,419  INFO      Fetching backpack              page  1  →  https://www.amazon.in/s?k=backpack&i=luggage&page=1
2026-03-27 13:05:37,420  INFO      Fetching backpack              page  2  →  https://www.amazon.in/s?k=backpack&i=luggage&page=2
2026-03-27 13:05:37,423  INFO      Fetching backpack              page  3  →  https://www.amazon.in/s?k=backpack&i=luggage&page=3
2026-03-27 13:05:43,672  INFO        ✓ 60 products extracted
2026-03-27 13:05:44,384  INFO        ✓ 60 products extracted
2026-03-27 13:05:44,527  INFO        ✓ 60 products extracted
2026-03-27 13:05:46,707  INFO      Fetching backpack              page  4  →  https://www.amazon.in/s?k=backpack&i=luggage&page=4
2026-03-27 13:05:46,714  INFO      CSV appended  → output\amazon_products.csv  (60 rows)
2026-03-27 13:05:46,717  INFO      Fetching backpack              page  5  →  https://www.amazon.in/s?k=backpack&i=luggage&page=5
2026-03-27 13:05:46,779  INFO      SQLite saved  → output\amazon_products.db  (60 rows upserted)
2026-03-27 13:05:46,790  INFO      CSV appended  → output\amazon_products.csv  (54 rows)
2026-03-27 13:05:46,824  INFO      SQLite saved  → output\amazon_products.db  (54 rows upserted)
2026-03-27 13:05:47,461  INFO      CSV appended  → output\amazon_products.csv  (53 rows)
2026-03-27 13:05:47,504  INFO      SQLite saved  → output\amazon_products.db  (53 rows upserted)
2026-03-27 13:05:51,886  INFO        ✓ 60 products extracted
2026-03-27 13:05:51,966  INFO        ✓ 60 products extracted
2026-03-27 13:05:54,520  INFO      CSV appended  → output\amazon_products.csv  (49 rows)
2026-03-27 13:05:54,562  INFO      SQLite saved  → output\amazon_products.db  (49 rows upserted)
2026-03-27 13:05:54,732  INFO      CSV appended  → output\amazon_products.csv  (50 rows)
2026-03-27 13:05:54,756  INFO      SQLite saved  → output\amazon_products.db  (50 rows upserted)
2026-03-27 13:05:59,270  INFO      ━━━  Category: SUNGLASSES  ━━━
2026-03-27 13:05:59,273  INFO      Fetching sunglasses            page  1  →  https://www.amazon.in/s?k=sunglasses&i=apparel&page=1
2026-03-27 13:05:59,274  INFO      Fetching sunglasses            page  2  →  https://www.amazon.in/s?k=sunglasses&i=apparel&page=2
2026-03-27 13:05:59,275  INFO      Fetching sunglasses            page  3  →  https://www.amazon.in/s?k=sunglasses&i=apparel&page=3
2026-03-27 13:06:06,600  INFO        ✓ 60 products extracted
2026-03-27 13:06:06,651  INFO        ✓ 60 products extracted
2026-03-27 13:06:06,915  INFO        ✓ 60 products extracted
2026-03-27 13:06:09,660  INFO      Fetching sunglasses            page  4  →  https://www.amazon.in/s?k=sunglasses&i=apparel&page=4
2026-03-27 13:06:09,672  INFO      CSV appended  → output\amazon_products.csv  (60 rows)
2026-03-27 13:06:09,715  INFO      SQLite saved  → output\amazon_products.db  (60 rows upserted)
2026-03-27 13:06:09,900  INFO      Fetching sunglasses            page  5  →  https://www.amazon.in/s?k=sunglasses&i=apparel&page=5
2026-03-27 13:06:09,909  INFO      CSV appended  → output\amazon_products.csv  (57 rows)
2026-03-27 13:06:09,950  INFO      SQLite saved  → output\amazon_products.db  (57 rows upserted)
2026-03-27 13:06:10,174  INFO      CSV appended  → output\amazon_products.csv  (50 rows)
2026-03-27 13:06:10,207  INFO      SQLite saved  → output\amazon_products.db  (50 rows upserted)
2026-03-27 13:06:14,372  INFO        ✓ 60 products extracted
2026-03-27 13:06:14,732  INFO        ✓ 60 products extracted
2026-03-27 13:06:16,183  INFO      CSV appended  → output\amazon_products.csv  (48 rows)
2026-03-27 13:06:16,226  INFO      SQLite saved  → output\amazon_products.db  (48 rows upserted)
2026-03-27 13:06:17,015  INFO      CSV appended  → output\amazon_products.csv  (49 rows)
2026-03-27 13:06:17,053  INFO      SQLite saved  → output\amazon_products.db  (49 rows upserted)
2026-03-27 13:06:20,146  INFO      ━━━  Category: FACE_CREAM  ━━━
2026-03-27 13:06:20,147  INFO      Fetching face_cream            page  1  →  https://www.amazon.in/s?k=face+cream&i=beauty&page=1
2026-03-27 13:06:20,148  INFO      Fetching face_cream            page  2  →  https://www.amazon.in/s?k=face+cream&i=beauty&page=2
2026-03-27 13:06:20,153  INFO      Fetching face_cream            page  3  →  https://www.amazon.in/s?k=face+cream&i=beauty&page=3
2026-03-27 13:06:22,844  INFO        ✓ 60 products extracted
2026-03-27 13:06:23,084  INFO        ✓ 60 products extracted
2026-03-27 13:06:23,663  INFO        ✓ 60 products extracted
2026-03-27 13:06:24,932  INFO      Fetching face_cream            page  4  →  https://www.amazon.in/s?k=face+cream&i=beauty&page=4
2026-03-27 13:06:24,937  INFO      CSV appended  → output\amazon_products.csv  (60 rows)
2026-03-27 13:06:24,960  INFO      SQLite saved  → output\amazon_products.db  (60 rows upserted)
2026-03-27 13:06:25,265  INFO      Fetching face_cream            page  5  →  https://www.amazon.in/s?k=face+cream&i=beauty&page=5
2026-03-27 13:06:25,273  INFO      CSV appended  → output\amazon_products.csv  (46 rows)
2026-03-27 13:06:25,293  INFO      SQLite saved  → output\amazon_products.db  (46 rows upserted)
2026-03-27 13:06:25,788  INFO      CSV appended  → output\amazon_products.csv  (40 rows)
2026-03-27 13:06:25,810  INFO      SQLite saved  → output\amazon_products.db  (40 rows upserted)
2026-03-27 13:06:27,268  INFO        ✓ 60 products extracted
2026-03-27 13:06:27,916  INFO        ✓ 60 products extracted
2026-03-27 13:06:28,807  INFO      CSV appended  → output\amazon_products.csv  (47 rows)
2026-03-27 13:06:28,818  INFO      SQLite saved  → output\amazon_products.db  (47 rows upserted)
2026-03-27 13:06:29,864  INFO      CSV appended  → output\amazon_products.csv  (49 rows)
2026-03-27 13:06:29,887  INFO      SQLite saved  → output\amazon_products.db  (49 rows upserted)
2026-03-27 13:06:34,080  INFO      ━━━  Category: SHAMPOO  ━━━
2026-03-27 13:06:34,082  INFO      Fetching shampoo               page  1  →  https://www.amazon.in/s?k=shampoo&i=beauty&page=1
2026-03-27 13:06:34,082  INFO      Fetching shampoo               page  2  →  https://www.amazon.in/s?k=shampoo&i=beauty&page=2
2026-03-27 13:06:34,085  INFO      Fetching shampoo               page  3  →  https://www.amazon.in/s?k=shampoo&i=beauty&page=3
2026-03-27 13:06:36,179  INFO        ✓ 60 products extracted
2026-03-27 13:06:37,079  INFO        ✓ 60 products extracted
2026-03-27 13:06:37,262  INFO        ✓ 60 products extracted
2026-03-27 13:06:38,665  INFO      Fetching shampoo               page  4  →  https://www.amazon.in/s?k=shampoo&i=beauty&page=4
2026-03-27 13:06:38,672  INFO      CSV appended  → output\amazon_products.csv  (60 rows)
2026-03-27 13:06:38,685  INFO      SQLite saved  → output\amazon_products.db  (60 rows upserted)
2026-03-27 13:06:39,376  INFO      Fetching shampoo               page  5  →  https://www.amazon.in/s?k=shampoo&i=beauty&page=5
2026-03-27 13:06:39,381  INFO      CSV appended  → output\amazon_products.csv  (51 rows)
2026-03-27 13:06:39,403  INFO      SQLite saved  → output\amazon_products.db  (51 rows upserted)
2026-03-27 13:06:39,410  INFO      CSV appended  → output\amazon_products.csv  (50 rows)
2026-03-27 13:06:39,422  INFO      SQLite saved  → output\amazon_products.db  (50 rows upserted)
2026-03-27 13:06:40,786  INFO        ✓ 60 products extracted
2026-03-27 13:06:41,294  INFO        ✓ 60 products extracted
2026-03-27 13:06:43,348  INFO      CSV appended  → output\amazon_products.csv  (51 rows)
2026-03-27 13:06:43,362  INFO      SQLite saved  → output\amazon_products.db  (51 rows upserted)
2026-03-27 13:06:43,557  INFO      CSV appended  → output\amazon_products.csv  (50 rows)
2026-03-27 13:06:43,571  INFO      SQLite saved  → output\amazon_products.db  (50 rows upserted)
2026-03-27 13:06:49,057  INFO      ━━━  Category: PERFUME  ━━━
2026-03-27 13:06:49,059  INFO      Fetching perfume               page  1  →  https://www.amazon.in/s?k=perfume&i=beauty&page=1
2026-03-27 13:06:49,060  INFO      Fetching perfume               page  2  →  https://www.amazon.in/s?k=perfume&i=beauty&page=2
2026-03-27 13:06:49,061  INFO      Fetching perfume               page  3  →  https://www.amazon.in/s?k=perfume&i=beauty&page=3
2026-03-27 13:06:51,216  INFO        ✓ 60 products extracted
2026-03-27 13:06:51,573  INFO        ✓ 60 products extracted
2026-03-27 13:06:52,174  INFO        ✓ 60 products extracted
2026-03-27 13:06:53,331  INFO      Fetching perfume               page  4  →  https://www.amazon.in/s?k=perfume&i=beauty&page=4
2026-03-27 13:06:53,340  INFO      CSV appended  → output\amazon_products.csv  (60 rows)
2026-03-27 13:06:53,362  INFO      SQLite saved  → output\amazon_products.db  (60 rows upserted)
2026-03-27 13:06:54,093  INFO      Fetching perfume               page  5  →  https://www.amazon.in/s?k=perfume&i=beauty&page=5
2026-03-27 13:06:54,098  INFO      CSV appended  → output\amazon_products.csv  (54 rows)
2026-03-27 13:06:54,111  INFO      SQLite saved  → output\amazon_products.db  (54 rows upserted)
2026-03-27 13:06:55,320  INFO        ✓ 60 products extracted
2026-03-27 13:06:55,560  INFO      CSV appended  → output\amazon_products.csv  (50 rows)
2026-03-27 13:06:55,595  INFO      SQLite saved  → output\amazon_products.db  (50 rows upserted)
2026-03-27 13:06:56,457  INFO        ✓ 60 products extracted
2026-03-27 13:06:57,161  INFO      CSV appended  → output\amazon_products.csv  (50 rows)
2026-03-27 13:06:57,178  INFO      SQLite saved  → output\amazon_products.db  (50 rows upserted)
2026-03-27 13:06:58,183  INFO      CSV appended  → output\amazon_products.csv  (47 rows)
2026-03-27 13:06:58,218  INFO      SQLite saved  → output\amazon_products.db  (47 rows upserted)
2026-03-27 13:07:01,272  INFO      ━━━  Category: ELECTRIC_TOOTHBRUSH  ━━━
2026-03-27 13:07:01,273  INFO      Fetching electric_toothbrush   page  1  →  https://www.amazon.in/s?k=electric+toothbrush&i=hpc&page=1
2026-03-27 13:07:01,274  INFO      Fetching electric_toothbrush   page  2  →  https://www.amazon.in/s?k=electric+toothbrush&i=hpc&page=2
2026-03-27 13:07:01,275  INFO      Fetching electric_toothbrush   page  3  →  https://www.amazon.in/s?k=electric+toothbrush&i=hpc&page=3
2026-03-27 13:07:02,769  INFO        ✓ 33 products extracted
2026-03-27 13:07:03,122  INFO        ✓ 33 products extracted
2026-03-27 13:07:03,538  INFO        ✓ 33 products extracted
2026-03-27 13:07:05,370  INFO      Fetching electric_toothbrush   page  4  →  https://www.amazon.in/s?k=electric+toothbrush&i=hpc&page=4
2026-03-27 13:07:05,378  INFO      CSV appended  → output\amazon_products.csv  (33 rows)
2026-03-27 13:07:05,402  INFO      SQLite saved  → output\amazon_products.db  (33 rows upserted)
2026-03-27 13:07:05,564  INFO      Fetching electric_toothbrush   page  5  →  https://www.amazon.in/s?k=electric+toothbrush&i=hpc&page=5
2026-03-27 13:07:05,571  INFO      CSV appended  → output\amazon_products.csv  (27 rows)
2026-03-27 13:07:05,588  INFO      SQLite saved  → output\amazon_products.db  (27 rows upserted)
2026-03-27 13:07:06,649  INFO        ✓ 33 products extracted
2026-03-27 13:07:06,909  INFO        ✓ 33 products extracted
2026-03-27 13:07:06,977  INFO      CSV appended  → output\amazon_products.csv  (22 rows)
2026-03-27 13:07:06,991  INFO      SQLite saved  → output\amazon_products.db  (22 rows upserted)
2026-03-27 13:07:10,007  INFO      CSV appended  → output\amazon_products.csv  (25 rows)
2026-03-27 13:07:10,032  INFO      SQLite saved  → output\amazon_products.db  (25 rows upserted)
2026-03-27 13:07:10,154  INFO      CSV appended  → output\amazon_products.csv  (23 rows)
2026-03-27 13:07:10,171  INFO      SQLite saved  → output\amazon_products.db  (23 rows upserted)
2026-03-27 13:07:13,641  INFO      ━━━  Category: FITNESS_TRACKER  ━━━
2026-03-27 13:07:13,642  INFO      Fetching fitness_tracker       page  1  →  https://www.amazon.in/s?k=fitness+tracker&i=electronics&page=1
2026-03-27 13:07:13,643  INFO      Fetching fitness_tracker       page  2  →  https://www.amazon.in/s?k=fitness+tracker&i=electronics&page=2
2026-03-27 13:07:13,646  INFO      Fetching fitness_tracker       page  3  →  https://www.amazon.in/s?k=fitness+tracker&i=electronics&page=3
2026-03-27 13:07:14,818  INFO        ✓ 33 products extracted
2026-03-27 13:07:15,086  INFO        ✓ 33 products extracted
2026-03-27 13:07:15,362  INFO        ✓ 33 products extracted
2026-03-27 13:07:16,678  INFO      Fetching fitness_tracker       page  4  →  https://www.amazon.in/s?k=fitness+tracker&i=electronics&page=4
2026-03-27 13:07:16,681  INFO      CSV appended  → output\amazon_products.csv  (22 rows)
2026-03-27 13:07:16,705  INFO      SQLite saved  → output\amazon_products.db  (22 rows upserted)
2026-03-27 13:07:17,778  INFO      Fetching fitness_tracker       page  5  →  https://www.amazon.in/s?k=fitness+tracker&i=electronics&page=5
2026-03-27 13:07:17,900  INFO      CSV appended  → output\amazon_products.csv  (23 rows)
2026-03-27 13:07:17,994  INFO        ✓ 33 products extracted
2026-03-27 13:07:18,005  INFO      SQLite saved  → output\amazon_products.db  (23 rows upserted)
2026-03-27 13:07:18,659  INFO      CSV appended  → output\amazon_products.csv  (18 rows)
2026-03-27 13:07:18,671  INFO      SQLite saved  → output\amazon_products.db  (18 rows upserted)
2026-03-27 13:07:19,183  INFO        ✓ 33 products extracted
2026-03-27 13:07:20,289  INFO      CSV appended  → output\amazon_products.csv  (18 rows)
2026-03-27 13:07:20,312  INFO      SQLite saved  → output\amazon_products.db  (18 rows upserted)
2026-03-27 13:07:22,664  INFO      CSV appended  → output\amazon_products.csv  (17 rows)
2026-03-27 13:07:22,693  INFO      SQLite saved  → output\amazon_products.db  (17 rows upserted)
2026-03-27 13:07:26,490  INFO      ━━━  Category: BOOKS_BESTSELLER  ━━━
2026-03-27 13:07:26,492  INFO      Fetching books_bestseller      page  1  →  https://www.amazon.in/s?k=bestseller+books&i=stripbooks&page=1
2026-03-27 13:07:26,494  INFO      Fetching books_bestseller      page  2  →  https://www.amazon.in/s?k=bestseller+books&i=stripbooks&page=2
2026-03-27 13:07:26,495  INFO      Fetching books_bestseller      page  3  →  https://www.amazon.in/s?k=bestseller+books&i=stripbooks&page=3
2026-03-27 13:07:28,272  INFO        ✓ 22 products extracted
2026-03-27 13:07:28,804  INFO        ✓ 22 products extracted
2026-03-27 13:07:28,816  INFO        ✓ 22 products extracted
2026-03-27 13:07:29,882  INFO      Fetching books_bestseller      page  4  →  https://www.amazon.in/s?k=bestseller+books&i=stripbooks&page=4
2026-03-27 13:07:29,887  INFO      CSV appended  → output\amazon_products.csv  (22 rows)
2026-03-27 13:07:29,897  INFO      SQLite saved  → output\amazon_products.db  (22 rows upserted)
2026-03-27 13:07:30,800  INFO      Fetching books_bestseller      page  5  →  https://www.amazon.in/s?k=bestseller+books&i=stripbooks&page=5
2026-03-27 13:07:30,804  INFO      CSV appended  → output\amazon_products.csv  (21 rows)
2026-03-27 13:07:30,817  INFO      SQLite saved  → output\amazon_products.db  (21 rows upserted)
2026-03-27 13:07:31,614  INFO        ✓ 22 products extracted
2026-03-27 13:07:32,032  INFO      CSV appended  → output\amazon_products.csv  (15 rows)
2026-03-27 13:07:32,048  INFO      SQLite saved  → output\amazon_products.db  (15 rows upserted)
2026-03-27 13:07:32,564  INFO        ✓ 22 products extracted
2026-03-27 13:07:34,968  INFO      CSV appended  → output\amazon_products.csv  (16 rows)
2026-03-27 13:07:34,991  INFO      SQLite saved  → output\amazon_products.db  (16 rows upserted)
2026-03-27 13:07:35,531  INFO      CSV appended  → output\amazon_products.csv  (16 rows)
2026-03-27 13:07:35,547  INFO      SQLite saved  → output\amazon_products.db  (16 rows upserted)
2026-03-27 13:07:39,923  INFO      ━━━  Category: TOYS  ━━━
2026-03-27 13:07:39,925  INFO      Fetching toys                  page  1  →  https://www.amazon.in/s?k=kids+toys&i=toys&page=1
2026-03-27 13:07:39,926  INFO      Fetching toys                  page  2  →  https://www.amazon.in/s?k=kids+toys&i=toys&page=2
2026-03-27 13:07:39,930  INFO      Fetching toys                  page  3  →  https://www.amazon.in/s?k=kids+toys&i=toys&page=3
2026-03-27 13:07:41,640  INFO        ✓ 33 products extracted
2026-03-27 13:07:41,798  INFO        ✓ 33 products extracted
2026-03-27 13:07:42,065  INFO        ✓ 33 products extracted
2026-03-27 13:07:44,059  INFO      Fetching toys                  page  4  →  https://www.amazon.in/s?k=kids+toys&i=toys&page=4
2026-03-27 13:07:44,065  INFO      CSV appended  → output\amazon_products.csv  (33 rows)
2026-03-27 13:07:44,081  INFO      SQLite saved  → output\amazon_products.db  (33 rows upserted)
2026-03-27 13:07:44,261  INFO      Fetching toys                  page  5  →  https://www.amazon.in/s?k=kids+toys&i=toys&page=5
2026-03-27 13:07:44,268  INFO      CSV appended  → output\amazon_products.csv  (24 rows)
2026-03-27 13:07:44,285  INFO      SQLite saved  → output\amazon_products.db  (24 rows upserted)
2026-03-27 13:07:44,865  INFO      CSV appended  → output\amazon_products.csv  (25 rows)
2026-03-27 13:07:44,888  INFO      SQLite saved  → output\amazon_products.db  (25 rows upserted)
2026-03-27 13:07:45,566  INFO        ✓ 33 products extracted
2026-03-27 13:07:45,868  INFO        ✓ 33 products extracted
2026-03-27 13:07:47,461  INFO      CSV appended  → output\amazon_products.csv  (27 rows)
2026-03-27 13:07:47,487  INFO      SQLite saved  → output\amazon_products.db  (27 rows upserted)
2026-03-27 13:07:48,784  INFO      CSV appended  → output\amazon_products.csv  (24 rows)
2026-03-27 13:07:48,811  INFO      SQLite saved  → output\amazon_products.db  (24 rows upserted)
2026-03-27 13:07:54,534  INFO      ━━━  Category: DRY_FRUITS  ━━━
2026-03-27 13:07:54,537  INFO      Fetching dry_fruits            page  1  →  https://www.amazon.in/s?k=dry+fruits&i=grocery&page=1
2026-03-27 13:07:54,538  INFO      Fetching dry_fruits            page  2  →  https://www.amazon.in/s?k=dry+fruits&i=grocery&page=2
2026-03-27 13:07:54,539  INFO      Fetching dry_fruits            page  3  →  https://www.amazon.in/s?k=dry+fruits&i=grocery&page=3
2026-03-27 13:07:56,461  INFO        ✓ 33 products extracted
2026-03-27 13:07:56,462  INFO        ✓ 33 products extracted
2026-03-27 13:07:56,754  INFO        ✓ 33 products extracted
2026-03-27 13:07:58,593  INFO      Fetching dry_fruits            page  4  →  https://www.amazon.in/s?k=dry+fruits&i=grocery&page=4
2026-03-27 13:07:58,599  INFO      CSV appended  → output\amazon_products.csv  (33 rows)
2026-03-27 13:07:58,625  INFO      SQLite saved  → output\amazon_products.db  (33 rows upserted)
2026-03-27 13:07:58,645  INFO      Fetching dry_fruits            page  5  →  https://www.amazon.in/s?k=dry+fruits&i=grocery&page=5
2026-03-27 13:07:58,654  INFO      CSV appended  → output\amazon_products.csv  (29 rows)
2026-03-27 13:07:58,668  INFO      SQLite saved  → output\amazon_products.db  (29 rows upserted)
2026-03-27 13:07:59,777  INFO      CSV appended  → output\amazon_products.csv  (25 rows)
2026-03-27 13:07:59,794  INFO      SQLite saved  → output\amazon_products.db  (25 rows upserted)
2026-03-27 13:08:00,185  INFO        ✓ 33 products extracted
2026-03-27 13:08:00,493  INFO        ✓ 33 products extracted
2026-03-27 13:08:02,979  INFO      CSV appended  → output\amazon_products.csv  (24 rows)
2026-03-27 13:08:02,997  INFO      SQLite saved  → output\amazon_products.db  (24 rows upserted)
2026-03-27 13:08:03,199  INFO      CSV appended  → output\amazon_products.csv  (25 rows)
2026-03-27 13:08:03,217  INFO      SQLite saved  → output\amazon_products.db  (25 rows upserted)
2026-03-27 13:08:09,116  INFO      ━━━  Category: PROTEIN_POWDER  ━━━
2026-03-27 13:08:09,117  INFO      Fetching protein_powder        page  1  →  https://www.amazon.in/s?k=whey+protein+powder&i=grocery&page=1
2026-03-27 13:08:09,118  INFO      Fetching protein_powder        page  2  →  https://www.amazon.in/s?k=whey+protein+powder&i=grocery&page=2
2026-03-27 13:08:09,120  INFO      Fetching protein_powder        page  3  →  https://www.amazon.in/s?k=whey+protein+powder&i=grocery&page=3
2026-03-27 13:08:09,549  INFO        ✓ 0 products extracted
2026-03-27 13:08:10,796  INFO        ✓ 33 products extracted
2026-03-27 13:08:11,065  INFO        ✓ 33 products extracted
2026-03-27 13:08:11,099  INFO      Fetching protein_powder        page  4  →  https://www.amazon.in/s?k=whey+protein+powder&i=grocery&page=4
2026-03-27 13:08:13,107  INFO      Fetching protein_powder        page  5  →  https://www.amazon.in/s?k=whey+protein+powder&i=grocery&page=5
2026-03-27 13:08:13,224  INFO      CSV appended  → output\amazon_products.csv  (33 rows)
2026-03-27 13:08:13,436  INFO        ✓ 33 products extracted
2026-03-27 13:08:13,468  INFO      SQLite saved  → output\amazon_products.db  (33 rows upserted)
2026-03-27 13:08:13,741  INFO      CSV appended  → output\amazon_products.csv  (23 rows)
2026-03-27 13:08:13,770  INFO      SQLite saved  → output\amazon_products.db  (23 rows upserted)
2026-03-27 13:08:15,026  INFO        ✓ 33 products extracted
2026-03-27 13:08:15,760  INFO      CSV appended  → output\amazon_products.csv  (24 rows)
2026-03-27 13:08:15,798  INFO      SQLite saved  → output\amazon_products.db  (24 rows upserted)
2026-03-27 13:08:18,467  INFO      CSV appended  → output\amazon_products.csv  (24 rows)
2026-03-27 13:08:18,506  INFO      SQLite saved  → output\amazon_products.db  (24 rows upserted)
2026-03-27 13:08:22,686  INFO      ━━━  Category: CAR_ACCESSORIES  ━━━
2026-03-27 13:08:22,687  INFO      Fetching car_accessories       page  1  →  https://www.amazon.in/s?k=car+accessories&i=automotive&page=1
2026-03-27 13:08:22,687  INFO      Fetching car_accessories       page  2  →  https://www.amazon.in/s?k=car+accessories&i=automotive&page=2
2026-03-27 13:08:22,688  INFO      Fetching car_accessories       page  3  →  https://www.amazon.in/s?k=car+accessories&i=automotive&page=3
2026-03-27 13:08:26,179  INFO        ✓ 33 products extracted
2026-03-27 13:08:26,315  INFO        ✓ 33 products extracted
2026-03-27 13:08:27,453  INFO        ✓ 33 products extracted
2026-03-27 13:08:28,309  INFO      Fetching car_accessories       page  4  →  https://www.amazon.in/s?k=car+accessories&i=automotive&page=4
2026-03-27 13:08:28,333  INFO      CSV appended  → output\amazon_products.csv  (33 rows)
2026-03-27 13:08:28,378  INFO      SQLite saved  → output\amazon_products.db  (33 rows upserted)
2026-03-27 13:08:29,207  INFO      Fetching car_accessories       page  5  →  https://www.amazon.in/s?k=car+accessories&i=automotive&page=5
2026-03-27 13:08:29,230  INFO      CSV appended  → output\amazon_products.csv  (32 rows)
2026-03-27 13:08:29,289  INFO      SQLite saved  → output\amazon_products.db  (32 rows upserted)
2026-03-27 13:08:29,452  INFO      CSV appended  → output\amazon_products.csv  (29 rows)
2026-03-27 13:08:29,485  INFO      SQLite saved  → output\amazon_products.db  (29 rows upserted)
2026-03-27 13:08:30,697  INFO        ✓ 33 products extracted
2026-03-27 13:08:31,895  INFO        ✓ 33 products extracted
2026-03-27 13:08:33,324  INFO      CSV appended  → output\amazon_products.csv  (29 rows)
2026-03-27 13:08:33,371  INFO      SQLite saved  → output\amazon_products.db  (29 rows upserted)
2026-03-27 13:08:34,935  INFO      CSV appended  → output\amazon_products.csv  (26 rows)
2026-03-27 13:08:34,978  INFO      SQLite saved  → output\amazon_products.db  (26 rows upserted)
2026-03-27 13:08:39,792  INFO      ━━━  Category: HELMET  ━━━
2026-03-27 13:08:39,795  INFO      Fetching helmet                page  1  →  https://www.amazon.in/s?k=bike+helmet&i=automotive&page=1
2026-03-27 13:08:39,796  INFO      Fetching helmet                page  2  →  https://www.amazon.in/s?k=bike+helmet&i=automotive&page=2
2026-03-27 13:08:39,797  INFO      Fetching helmet                page  3  →  https://www.amazon.in/s?k=bike+helmet&i=automotive&page=3
2026-03-27 13:08:43,745  INFO        ✓ 33 products extracted
2026-03-27 13:08:44,520  INFO        ✓ 33 products extracted
2026-03-27 13:08:44,539  INFO        ✓ 33 products extracted
2026-03-27 13:08:45,552  INFO      Fetching helmet                page  4  →  https://www.amazon.in/s?k=bike+helmet&i=automotive&page=4
2026-03-27 13:08:45,583  INFO      CSV appended  → output\amazon_products.csv  (33 rows)
2026-03-27 13:08:45,638  INFO      SQLite saved  → output\amazon_products.db  (33 rows upserted)
2026-03-27 13:08:46,191  INFO      Fetching helmet                page  5  →  https://www.amazon.in/s?k=bike+helmet&i=automotive&page=5
2026-03-27 13:08:46,205  INFO      CSV appended  → output\amazon_products.csv  (25 rows)
2026-03-27 13:08:46,250  INFO      SQLite saved  → output\amazon_products.db  (25 rows upserted)
2026-03-27 13:08:47,023  INFO      CSV appended  → output\amazon_products.csv  (28 rows)
2026-03-27 13:08:47,454  INFO      SQLite saved  → output\amazon_products.db  (28 rows upserted)
2026-03-27 13:08:48,588  INFO        ✓ 33 products extracted
2026-03-27 13:08:49,365  INFO        ✓ 33 products extracted
2026-03-27 13:08:51,257  INFO      CSV appended  → output\amazon_products.csv  (24 rows)
2026-03-27 13:08:51,295  INFO      SQLite saved  → output\amazon_products.db  (24 rows upserted)
2026-03-27 13:08:51,775  INFO      CSV appended  → output\amazon_products.csv  (28 rows)
2026-03-27 13:08:51,801  INFO      SQLite saved  → output\amazon_products.db  (28 rows upserted)
2026-03-27 13:08:55,998  INFO      ━━━  Category: YOGA_MAT  ━━━
2026-03-27 13:08:56,002  INFO      Fetching yoga_mat              page  1  →  https://www.amazon.in/s?k=yoga+mat&i=sports&page=1
2026-03-27 13:08:56,003  INFO      Fetching yoga_mat              page  2  →  https://www.amazon.in/s?k=yoga+mat&i=sports&page=2
2026-03-27 13:08:56,004  INFO      Fetching yoga_mat              page  3  →  https://www.amazon.in/s?k=yoga+mat&i=sports&page=3
2026-03-27 13:09:03,104  INFO        ✓ 60 products extracted
2026-03-27 13:09:03,268  INFO        ✓ 60 products extracted
2026-03-27 13:09:03,271  INFO        ✓ 60 products extracted
2026-03-27 13:09:06,136  INFO      Fetching yoga_mat              page  4  →  https://www.amazon.in/s?k=yoga+mat&i=sports&page=4
2026-03-27 13:09:06,148  INFO      Fetching yoga_mat              page  5  →  https://www.amazon.in/s?k=yoga+mat&i=sports&page=5
2026-03-27 13:09:06,148  INFO      CSV appended  → output\amazon_products.csv  (60 rows)
2026-03-27 13:09:06,208  INFO      SQLite saved  → output\amazon_products.db  (60 rows upserted)
2026-03-27 13:09:06,224  INFO      CSV appended  → output\amazon_products.csv  (53 rows)
2026-03-27 13:09:06,272  INFO      SQLite saved  → output\amazon_products.db  (53 rows upserted)
2026-03-27 13:09:06,281  INFO      CSV appended  → output\amazon_products.csv  (47 rows)
2026-03-27 13:09:06,307  INFO      SQLite saved  → output\amazon_products.db  (47 rows upserted)
2026-03-27 13:09:10,175  INFO        ✓ 60 products extracted
2026-03-27 13:09:10,522  INFO        ✓ 60 products extracted
2026-03-27 13:09:12,073  INFO      CSV appended  → output\amazon_products.csv  (51 rows)
2026-03-27 13:09:12,120  INFO      SQLite saved  → output\amazon_products.db  (51 rows upserted)
2026-03-27 13:09:13,312  INFO      CSV appended  → output\amazon_products.csv  (49 rows)
2026-03-27 13:09:13,359  INFO      SQLite saved  → output\amazon_products.db  (49 rows upserted)
2026-03-27 13:09:18,748  INFO      ━━━  Category: CRICKET_BAT  ━━━
2026-03-27 13:09:18,750  INFO      Fetching cricket_bat           page  1  →  https://www.amazon.in/s?k=cricket+bat&i=sports&page=1
2026-03-27 13:09:18,753  INFO      Fetching cricket_bat           page  2  →  https://www.amazon.in/s?k=cricket+bat&i=sports&page=2
2026-03-27 13:09:18,755  INFO      Fetching cricket_bat           page  3  →  https://www.amazon.in/s?k=cricket+bat&i=sports&page=3
2026-03-27 13:09:25,199  INFO        ✓ 60 products extracted
2026-03-27 13:09:25,241  INFO        ✓ 60 products extracted
2026-03-27 13:09:25,254  INFO        ✓ 60 products extracted
2026-03-27 13:09:27,530  INFO      Fetching cricket_bat           page  4  →  https://www.amazon.in/s?k=cricket+bat&i=sports&page=4
2026-03-27 13:09:27,543  INFO      CSV appended  → output\amazon_products.csv  (60 rows)
2026-03-27 13:09:27,601  INFO      SQLite saved  → output\amazon_products.db  (60 rows upserted)
2026-03-27 13:09:27,761  INFO      Fetching cricket_bat           page  5  →  https://www.amazon.in/s?k=cricket+bat&i=sports&page=5
2026-03-27 13:09:27,781  INFO      CSV appended  → output\amazon_products.csv  (49 rows)
2026-03-27 13:09:27,823  INFO      SQLite saved  → output\amazon_products.db  (49 rows upserted)
2026-03-27 13:09:27,891  INFO      CSV appended  → output\amazon_products.csv  (47 rows)
2026-03-27 13:09:27,933  INFO      SQLite saved  → output\amazon_products.db  (47 rows upserted)
2026-03-27 13:09:31,771  INFO        ✓ 60 products extracted
2026-03-27 13:09:32,409  INFO        ✓ 60 products extracted
2026-03-27 13:09:34,857  INFO      CSV appended  → output\amazon_products.csv  (47 rows)
2026-03-27 13:09:34,909  INFO      SQLite saved  → output\amazon_products.db  (47 rows upserted)
2026-03-27 13:09:35,661  INFO      CSV appended  → output\amazon_products.csv  (48 rows)
2026-03-27 13:09:35,699  INFO      SQLite saved  → output\amazon_products.db  (48 rows upserted)
2026-03-27 13:09:40,652  INFO      ━━━  Category: OFFICE_CHAIR  ━━━
2026-03-27 13:09:40,655  INFO      Fetching office_chair          page  1  →  https://www.amazon.in/s?k=office+chair&i=furniture&page=1
2026-03-27 13:09:40,655  INFO      Fetching office_chair          page  2  →  https://www.amazon.in/s?k=office+chair&i=furniture&page=2
2026-03-27 13:09:40,657  INFO      Fetching office_chair          page  3  →  https://www.amazon.in/s?k=office+chair&i=furniture&page=3
2026-03-27 13:09:45,913  INFO        ✓ 33 products extracted
2026-03-27 13:09:46,061  INFO        ✓ 33 products extracted
2026-03-27 13:09:46,212  INFO        ✓ 33 products extracted
2026-03-27 13:09:47,808  INFO      Fetching office_chair          page  4  →  https://www.amazon.in/s?k=office+chair&i=furniture&page=4
2026-03-27 13:09:47,817  INFO      CSV appended  → output\amazon_products.csv  (33 rows)
2026-03-27 13:09:47,864  INFO      SQLite saved  → output\amazon_products.db  (33 rows upserted)
2026-03-27 13:09:48,327  INFO      Fetching office_chair          page  5  →  https://www.amazon.in/s?k=office+chair&i=furniture&page=5
2026-03-27 13:09:48,346  INFO      CSV appended  → output\amazon_products.csv  (28 rows)
2026-03-27 13:09:48,412  INFO      SQLite saved  → output\amazon_products.db  (28 rows upserted)
2026-03-27 13:09:48,554  INFO      CSV appended  → output\amazon_products.csv  (25 rows)
2026-03-27 13:09:48,586  INFO      SQLite saved  → output\amazon_products.db  (25 rows upserted)
2026-03-27 13:09:50,847  INFO        ✓ 33 products extracted
2026-03-27 13:09:51,844  INFO        ✓ 33 products extracted
2026-03-27 13:09:52,860  INFO      CSV appended  → output\amazon_products.csv  (24 rows)
2026-03-27 13:09:52,907  INFO      SQLite saved  → output\amazon_products.db  (24 rows upserted)
2026-03-27 13:09:54,705  INFO      CSV appended  → output\amazon_products.csv  (24 rows)
2026-03-27 13:09:54,747  INFO      SQLite saved  → output\amazon_products.db  (24 rows upserted)
2026-03-27 13:10:00,363  INFO      ━━━  Category: DESK  ━━━
2026-03-27 13:10:00,364  INFO      Fetching desk                  page  1  →  https://www.amazon.in/s?k=computer+desk&i=furniture&page=1
2026-03-27 13:10:00,364  INFO      Fetching desk                  page  2  →  https://www.amazon.in/s?k=computer+desk&i=furniture&page=2
2026-03-27 13:10:00,367  INFO      Fetching desk                  page  3  →  https://www.amazon.in/s?k=computer+desk&i=furniture&page=3
2026-03-27 13:10:05,797  INFO        ✓ 33 products extracted
2026-03-27 13:10:06,278  INFO        ✓ 33 products extracted
2026-03-27 13:10:06,650  INFO        ✓ 33 products extracted
2026-03-27 13:10:08,770  INFO      Fetching desk                  page  4  →  https://www.amazon.in/s?k=computer+desk&i=furniture&page=4
2026-03-27 13:10:08,780  INFO      CSV appended  → output\amazon_products.csv  (33 rows)
2026-03-27 13:10:08,833  INFO      SQLite saved  → output\amazon_products.db  (33 rows upserted)
2026-03-27 13:10:09,020  INFO      Fetching desk                  page  5  →  https://www.amazon.in/s?k=computer+desk&i=furniture&page=5
2026-03-27 13:10:09,059  INFO      CSV appended  → output\amazon_products.csv  (29 rows)
2026-03-27 13:10:09,114  INFO      SQLite saved  → output\amazon_products.db  (29 rows upserted)
2026-03-27 13:10:09,133  INFO      CSV appended  → output\amazon_products.csv  (24 rows)
2026-03-27 13:10:09,168  INFO      SQLite saved  → output\amazon_products.db  (24 rows upserted)
2026-03-27 13:10:11,651  INFO        ✓ 33 products extracted
2026-03-27 13:10:12,753  INFO        ✓ 33 products extracted
2026-03-27 13:10:13,927  INFO      CSV appended  → output\amazon_products.csv  (25 rows)
2026-03-27 13:10:13,975  INFO      SQLite saved  → output\amazon_products.db  (25 rows upserted)
2026-03-27 13:10:14,497  INFO      CSV appended  → output\amazon_products.csv  (25 rows)
2026-03-27 13:10:14,533  INFO      SQLite saved  → output\amazon_products.db  (25 rows upserted)
2026-03-27 13:10:17,928  INFO      JSON saved    → output\amazon_products.json  (6937 total records)
2026-03-27 13:10:17,930  INFO      ━━━  COMPLETE  ━━━  6937 unique products scraped  ━━━
